#
# A fatal error has been detected by the Java Runtime Environment:
#
#  EXCEPTION_ACCESS_VIOLATION (0xc0000005) at pc=0x00007fffa5d0dcf0, pid=8236, tid=11316
#
# JRE version: OpenJDK Runtime Environment Temurin-17.0.7+7 (17.0.7+7) (build 17.0.7+7)
# Java VM: OpenJDK 64-Bit Server VM Temurin-17.0.7+7 (17.0.7+7, mixed mode, tiered, compressed oops, compressed class ptrs, parallel gc, windows-amd64)
# Problematic frame:
# V  [jvm.dll+0x2adcf0]
#
# No core dump will be written. Minidumps are not enabled by default on client versions of Windows
#
# If you would like to submit a bug report, please visit:
#   https://github.com/adoptium/adoptium-support/issues
#

---------------  S U M M A R Y ------------

Command Line: --add-modules=ALL-SYSTEM --add-opens=java.base/java.util=ALL-UNNAMED --add-opens=java.base/java.lang=ALL-UNNAMED --add-opens=java.base/sun.nio.fs=ALL-UNNAMED -Declipse.application=org.eclipse.jdt.ls.core.id1 -Dosgi.bundles.defaultStartLevel=4 -Declipse.product=org.eclipse.jdt.ls.core.product -Djava.import.generatesMetadataFilesAtProjectRoot=false -Dfile.encoding=utf8 -XX:+UseParallelGC -XX:GCTimeRatio=4 -XX:AdaptiveSizePolicyWeight=90 -Dsun.zip.disableMemoryMapping=true -Xmx1G -Xms100m -Xlog:disable -javaagent:c:\Users\mateus\.vscode\extensions\redhat.java-1.19.0-win32-x64\lombok\lombok-1.18.28.jar -XX:+HeapDumpOnOutOfMemoryError -XX:HeapDumpPath=c:\Users\mateus\AppData\Roaming\Code\User\workspaceStorage\2a4adfb2b92c2c74a24377d63c042685\redhat.java -Daether.dependencyCollector.impl=bf c:\Users\mateus\.vscode\extensions\redhat.java-1.19.0-win32-x64\server\plugins\org.eclipse.equinox.launcher_1.6.400.v20210924-0641.jar -configuration c:\Users\mateus\AppData\Roaming\Code\User\globalStorage\redhat.java\1.19.0\config_win -data c:\Users\mateus\AppData\Roaming\Code\User\workspaceStorage\2a4adfb2b92c2c74a24377d63c042685\redhat.java\jdt_ws

Host: 11th Gen Intel(R) Core(TM) i5-1135G7 @ 2.40GHz, 8 cores, 15G,  Windows 10 , 64 bit Build 19041 (10.0.19041.3031)
Time: Thu Jun  1 14:09:32 2023 Hora oficial do Brasil elapsed time: 152.705683 seconds (0d 0h 2m 32s)

---------------  T H R E A D  ---------------

Current thread (0x00000157ce482e00):  JavaThread "C2 CompilerThread0" daemon [_thread_in_native, id=11316, stack(0x0000003d24900000,0x0000003d24a00000)]


Current CompileTask:
C2: 152705 14163       4       lombok.eclipse.handlers.HandleFieldDefaults::visitType (428 bytes)

Stack: [0x0000003d24900000,0x0000003d24a00000],  sp=0x0000003d249fa650,  free space=1001k
Native frames: (J=compiled Java code, j=interpreted, Vv=VM code, C=native code)
V  [jvm.dll+0x2adcf0]
V  [jvm.dll+0x580067]
V  [jvm.dll+0x221e72]
V  [jvm.dll+0x22224f]
V  [jvm.dll+0x21b4a5]
V  [jvm.dll+0x21895b]
V  [jvm.dll+0x1a4d8d]
V  [jvm.dll+0x2284da]
V  [jvm.dll+0x226615]
V  [jvm.dll+0x7ea90b]
V  [jvm.dll+0x7e4e7a]
V  [jvm.dll+0x676395]
C  [ucrtbase.dll+0x21bb2]
C  [KERNEL32.DLL+0x17614]
C  [ntdll.dll+0x526f1]


siginfo: EXCEPTION_ACCESS_VIOLATION (0xc0000005), reading address 0x000000000000000f


Register to memory mapping:

RIP=0x00007fffa5d0dcf0 jvm.dll
RAX=0xffffffffffffffff is an unknown value
RBX=0x00000000000001a0 is an unknown value
RCX=0x00000157d0466d28 points into unknown readable memory: 0xffffffffffffffff | ff ff ff ff ff ff ff ff
RDX=0x00000157dcb5c9d0 points into unknown readable memory: 0x00000157dc71e128 | 28 e1 71 dc 57 01 00 00
RSP=0x0000003d249fa650 is pointing into the stack for thread: 0x00000157ce482e00
RBP=0x00000157dcb53fb0 points into unknown readable memory: 0x0000000000000000 | 00 00 00 00 00 00 00 00
RSI=0x0000003d249faa90 is pointing into the stack for thread: 0x00000157ce482e00
RDI=0x0000000000000034 is an unknown value
R8 =0x00000157dcb53fb0 points into unknown readable memory: 0x0000000000000000 | 00 00 00 00 00 00 00 00
R9 =0x00000157dcb5eeb0 points into unknown readable memory: 0x00000157cf67c350 | 50 c3 67 cf 57 01 00 00
R10=0x000000000000008a is an unknown value
R11=0x00000157dcb5c980 points into unknown readable memory: 0x00000157dc71dc90 | 90 dc 71 dc 57 01 00 00
R12=0x00000157dcb5c980 points into unknown readable memory: 0x00000157dc71dc90 | 90 dc 71 dc 57 01 00 00
R13=0x0 is NULL
R14=0x00000157d28d4210 points into unknown readable memory: 0xffffffff00000001 | 01 00 00 00 ff ff ff ff
R15=0x00000157dc71dc90 points into unknown readable memory: 0x00007fffa638b4f8 | f8 b4 38 a6 ff 7f 00 00


Registers:
RAX=0xffffffffffffffff, RBX=0x00000000000001a0, RCX=0x00000157d0466d28, RDX=0x00000157dcb5c9d0
RSP=0x0000003d249fa650, RBP=0x00000157dcb53fb0, RSI=0x0000003d249faa90, RDI=0x0000000000000034
R8 =0x00000157dcb53fb0, R9 =0x00000157dcb5eeb0, R10=0x000000000000008a, R11=0x00000157dcb5c980
R12=0x00000157dcb5c980, R13=0x0000000000000000, R14=0x00000157d28d4210, R15=0x00000157dc71dc90
RIP=0x00007fffa5d0dcf0, EFLAGS=0x0000000000010206

Top of Stack: (sp=0x0000003d249fa650)
0x0000003d249fa650:   00000157dcb53fb0 0000003d249fa6a0
0x0000003d249fa660:   0000003d249faa90 00000157d28d4210
0x0000003d249fa670:   00000157d28d4210 00000157c91e8530
0x0000003d249fa680:   00000157ce593c10 0000000000160c50
0x0000003d249fa690:   00000157ce59ff20 00000157ce59ff20
0x0000003d249fa6a0:   0000000000000200 00000157ce67d050
0x0000003d249fa6b0:   0000000000000200 00000157c91e8530
0x0000003d249fa6c0:   000000005b01c045 0000000000000000
0x0000003d249fa6d0:   0000000000000000 00000000000d0000
0x0000003d249fa6e0:   00000157b536eb20 0000000000000000
0x0000003d249fa6f0:   00000157c9085fe0 0000003d249fa810
0x0000003d249fa700:   0000003d249faa90 00007fffa5fe0067
0x0000003d249fa710:   0000003d249faa90 0000003d00000dee
0x0000003d249fa720:   00000157dcb53fb0 00000000000001b8
0x0000003d249fa730:   0000000000000000 0000000000000000
0x0000003d249fa740:   0000000000020020 0000000000020010 

Instructions: (pc=0x00007fffa5d0dcf0)
0x00007fffa5d0dbf0:   8b 46 10 45 33 ed 48 8b e8 48 89 84 24 d0 00 00
0x00007fffa5d0dc00:   00 41 8b 88 40 02 00 00 83 e9 01 48 63 d1 78 21
0x00007fffa5d0dc10:   48 8d 0c 92 48 c1 e1 04 48 03 c8 0f 1f 44 00 00
0x00007fffa5d0dc20:   48 83 ea 01 4c 89 29 48 8d 49 b0 79 f3 4c 8b 46
0x00007fffa5d0dc30:   10 41 8b 88 40 02 00 00 33 d2 ff c1 48 c1 e1 02
0x00007fffa5d0dc40:   e8 4b ff 41 00 48 8b 4e 10 ba ff ff ff ff 4c 8b
0x00007fffa5d0dc50:   f0 48 89 44 24 20 44 8b 81 40 02 00 00 48 8b c8
0x00007fffa5d0dc60:   41 ff c0 49 c1 e0 02 e8 e6 24 5e 00 48 8d 4c 24
0x00007fffa5d0dc70:   50 e8 0a 01 57 00 4d 8b ce 48 8d 54 24 50 4c 8b
0x00007fffa5d0dc80:   c6 48 8b cd e8 17 fc ff ff 89 84 24 c8 00 00 00
0x00007fffa5d0dc90:   4c 89 6d 08 48 89 6d 18 8d 48 ff 48 63 d1 48 83
0x00007fffa5d0dca0:   fa 01 0f 8e 87 03 00 00 4c 8d 24 92 49 c1 e4 04
0x00007fffa5d0dcb0:   4c 03 e5 48 ff ca 48 89 94 24 d8 00 00 00 66 90
0x00007fffa5d0dcc0:   4d 8b 3c 24 41 8b fd 41 83 7f 18 00 0f 86 b5 00
0x00007fffa5d0dcd0:   00 00 8b c7 48 8d 1c c5 00 00 00 00 49 8b 47 08
0x00007fffa5d0dce0:   48 8b 0c 03 48 85 c9 0f 84 8e 00 00 00 48 8b 01
0x00007fffa5d0dcf0:   ff 50 10 84 c0 0f 84 80 00 00 00 49 8b 47 08 48
0x00007fffa5d0dd00:   8b 0c 03 8b 41 28 41 8b 0c 86 83 f9 ff 74 6c 48
0x00007fffa5d0dd10:   8d 1c 89 48 c1 e3 04 48 03 dd 48 8b 4b 20 48 85
0x00007fffa5d0dd20:   c9 75 06 48 8b 4b 18 eb 43 48 83 79 20 00 74 2a
0x00007fffa5d0dd30:   e8 2b fb ff ff 4c 8b 43 20 48 8b 53 18 49 8b 48
0x00007fffa5d0dd40:   18 8b 42 08 39 41 08 73 07 48 89 4b 18 48 8b d1
0x00007fffa5d0dd50:   49 8b 48 20 48 89 4b 20 eb 04 48 8b 53 18 48 8b
0x00007fffa5d0dd60:   49 18 8b 42 08 39 41 08 48 0f 43 ca 8b 41 08 41
0x00007fffa5d0dd70:   3b 44 24 08 73 05 41 89 44 24 08 ff c7 41 3b 7f
0x00007fffa5d0dd80:   18 0f 82 4b ff ff ff 41 8b 44 24 08 4d 8b c4 48
0x00007fffa5d0dd90:   8d 0c 80 48 03 c9 48 8b 44 cd 38 49 89 44 24 38
0x00007fffa5d0dda0:   4c 89 64 cd 38 49 8b 44 24 28 49 8b 54 24 18 4d
0x00007fffa5d0ddb0:   8b 5c 24 10 48 8b 48 18 8b 41 08 39 42 08 73 52
0x00007fffa5d0ddc0:   4d 8b 48 28 45 8b 50 0c 49 8b 41 28 8b 50 0c 41
0x00007fffa5d0ddd0:   8b 41 0c 41 03 d2 03 c0 3b d0 72 12 4d 89 41 20
0x00007fffa5d0dde0:   49 8b 40 28 48 8b 48 28 49 89 48 28 eb 0f 45 89 


Stack slot to memory mapping:
stack at sp + 0 slots: 0x00000157dcb53fb0 points into unknown readable memory: 0x0000000000000000 | 00 00 00 00 00 00 00 00
stack at sp + 1 slots: 0x0000003d249fa6a0 is pointing into the stack for thread: 0x00000157ce482e00
stack at sp + 2 slots: 0x0000003d249faa90 is pointing into the stack for thread: 0x00000157ce482e00
stack at sp + 3 slots: 0x00000157d28d4210 points into unknown readable memory: 0xffffffff00000001 | 01 00 00 00 ff ff ff ff
stack at sp + 4 slots: 0x00000157d28d4210 points into unknown readable memory: 0xffffffff00000001 | 01 00 00 00 ff ff ff ff
stack at sp + 5 slots: 0x00000157c91e8530 points into unknown readable memory: 0x0000001d00000006 | 06 00 00 00 1d 00 00 00
stack at sp + 6 slots: 0x00000157ce593c10 points into unknown readable memory: 0x00000157dcb53fa0 | a0 3f b5 dc 57 01 00 00
stack at sp + 7 slots: 0x0000000000160c50 is an unknown value


---------------  P R O C E S S  ---------------

Threads class SMR info:
_java_thread_list=0x00000157d0cdb1d0, length=34, elements={
0x00000157b5358810, 0x00000157ce4645e0, 0x00000157ce4666a0, 0x00000157c91eada0,
0x00000157c91eb950, 0x00000157c91ec500, 0x00000157ce480150, 0x00000157ce482e00,
0x00000157ce4e4750, 0x00000157ce4e7500, 0x00000157b54164e0, 0x00000157ce783c00,
0x00000157cf9cfbd0, 0x00000157d00488e0, 0x00000157d02b32d0, 0x00000157cfed7930,
0x00000157d0382480, 0x00000157d046e990, 0x00000157d048bd90, 0x00000157d048d5a0,
0x00000157d048d0d0, 0x00000157d048edb0, 0x00000157d048f280, 0x00000157d048c260,
0x00000157d048cc00, 0x00000157d048e410, 0x00000157d048da70, 0x00000157d048df40,
0x00000157d1465390, 0x00000157d1467ee0, 0x00000157d1467540, 0x00000157d146c240,
0x00000157d1466ba0, 0x00000157d188bbd0
}

Java Threads: ( => current thread )
  0x00000157b5358810 JavaThread "main" [_thread_blocked, id=6308, stack(0x0000003d24000000,0x0000003d24100000)]
  0x00000157ce4645e0 JavaThread "Reference Handler" daemon [_thread_blocked, id=3576, stack(0x0000003d24300000,0x0000003d24400000)]
  0x00000157ce4666a0 JavaThread "Finalizer" daemon [_thread_blocked, id=9972, stack(0x0000003d24400000,0x0000003d24500000)]
  0x00000157c91eada0 JavaThread "Signal Dispatcher" daemon [_thread_blocked, id=11888, stack(0x0000003d24500000,0x0000003d24600000)]
  0x00000157c91eb950 JavaThread "Attach Listener" daemon [_thread_blocked, id=268, stack(0x0000003d24600000,0x0000003d24700000)]
  0x00000157c91ec500 JavaThread "Service Thread" daemon [_thread_blocked, id=10560, stack(0x0000003d24700000,0x0000003d24800000)]
  0x00000157ce480150 JavaThread "Monitor Deflation Thread" daemon [_thread_blocked, id=5760, stack(0x0000003d24800000,0x0000003d24900000)]
=>0x00000157ce482e00 JavaThread "C2 CompilerThread0" daemon [_thread_in_native, id=11316, stack(0x0000003d24900000,0x0000003d24a00000)]
  0x00000157ce4e4750 JavaThread "C1 CompilerThread0" daemon [_thread_blocked, id=7612, stack(0x0000003d24a00000,0x0000003d24b00000)]
  0x00000157ce4e7500 JavaThread "Sweeper thread" daemon [_thread_blocked, id=4104, stack(0x0000003d24b00000,0x0000003d24c00000)]
  0x00000157b54164e0 JavaThread "Common-Cleaner" daemon [_thread_blocked, id=11156, stack(0x0000003d24c00000,0x0000003d24d00000)]
  0x00000157ce783c00 JavaThread "Notification Thread" daemon [_thread_blocked, id=11856, stack(0x0000003d24d00000,0x0000003d24e00000)]
  0x00000157cf9cfbd0 JavaThread "Active Thread: Equinox Container: d3954395-e85f-4165-8926-6ad45db71eb8" [_thread_blocked, id=7924, stack(0x0000003d25000000,0x0000003d25100000)]
  0x00000157d00488e0 JavaThread "Framework Event Dispatcher: Equinox Container: d3954395-e85f-4165-8926-6ad45db71eb8" daemon [_thread_blocked, id=5380, stack(0x0000003d25700000,0x0000003d25800000)]
  0x00000157d02b32d0 JavaThread "Start Level: Equinox Container: d3954395-e85f-4165-8926-6ad45db71eb8" daemon [_thread_blocked, id=9220, stack(0x0000003d25800000,0x0000003d25900000)]
  0x00000157cfed7930 JavaThread "SCR Component Actor" daemon [_thread_blocked, id=3168, stack(0x0000003d25900000,0x0000003d25a00000)]
  0x00000157d0382480 JavaThread "Worker-JM" [_thread_blocked, id=8872, stack(0x0000003d25b00000,0x0000003d25c00000)]
  0x00000157d046e990 JavaThread "Worker-0" [_thread_blocked, id=9240, stack(0x0000003d25d00000,0x0000003d25e00000)]
  0x00000157d048bd90 JavaThread "Java indexing" daemon [_thread_blocked, id=9680, stack(0x0000003d25f00000,0x0000003d26000000)]
  0x00000157d048d5a0 JavaThread "JNA Cleaner" daemon [_thread_blocked, id=12472, stack(0x0000003d26000000,0x0000003d26100000)]
  0x00000157d048d0d0 JavaThread "Worker-2" [_thread_blocked, id=11832, stack(0x0000003d26100000,0x0000003d26200000)]
  0x00000157d048edb0 JavaThread "Worker-3" [_thread_blocked, id=13088, stack(0x0000003d26300000,0x0000003d26400000)]
  0x00000157d048f280 JavaThread "pool-2-thread-1" [_thread_blocked, id=12884, stack(0x0000003d26400000,0x0000003d26500000)]
  0x00000157d048c260 JavaThread "WorkspaceEventsHandler" [_thread_blocked, id=9860, stack(0x0000003d26500000,0x0000003d26600000)]
  0x00000157d048cc00 JavaThread "pool-1-thread-1" [_thread_in_native, id=10856, stack(0x0000003d26600000,0x0000003d26700000)]
  0x00000157d048e410 JavaThread "ForkJoinPool.commonPool-worker-1" daemon [_thread_blocked, id=4376, stack(0x0000003d25a00000,0x0000003d25b00000)]
  0x00000157d048da70 JavaThread "ForkJoinPool.commonPool-worker-2" daemon [_thread_blocked, id=11232, stack(0x0000003d26700000,0x0000003d26800000)]
  0x00000157d048df40 JavaThread "ForkJoinPool.commonPool-worker-3" daemon [_thread_blocked, id=1740, stack(0x0000003d26800000,0x0000003d26900000)]
  0x00000157d1465390 JavaThread "ForkJoinPool.commonPool-worker-4" daemon [_thread_blocked, id=12876, stack(0x0000003d26900000,0x0000003d26a00000)]
  0x00000157d1467ee0 JavaThread "ForkJoinPool.commonPool-worker-5" daemon [_thread_blocked, id=7932, stack(0x0000003d26a00000,0x0000003d26b00000)]
  0x00000157d1467540 JavaThread "ForkJoinPool.commonPool-worker-7" daemon [_thread_blocked, id=10040, stack(0x0000003d26b00000,0x0000003d26c00000)]
  0x00000157d146c240 JavaThread "ForkJoinPool.commonPool-worker-6" daemon [_thread_blocked, id=8092, stack(0x0000003d26c00000,0x0000003d26d00000)]
  0x00000157d1466ba0 JavaThread "Bundle File Closer" daemon [_thread_blocked, id=7524, stack(0x0000003d26d00000,0x0000003d26e00000)]
  0x00000157d188bbd0 JavaThread "pool-1-thread-3" [_thread_blocked, id=7288, stack(0x0000003d25e00000,0x0000003d25f00000)]

Other Threads:
  0x00000157b542e9e0 VMThread "VM Thread" [stack: 0x0000003d24200000,0x0000003d24300000] [id=2108]
  0x00000157ce76f740 WatcherThread [stack: 0x0000003d24e00000,0x0000003d24f00000] [id=9928]
  0x00000157b5370140 GCTaskThread "GC Thread#0" [stack: 0x0000003d24100000,0x0000003d24200000] [id=12836]
  0x00000157cfbb9160 GCTaskThread "GC Thread#1" [stack: 0x0000003d25100000,0x0000003d25200000] [id=13060]
  0x00000157cfbb9410 GCTaskThread "GC Thread#2" [stack: 0x0000003d25200000,0x0000003d25300000] [id=1204]
  0x00000157cf9f2130 GCTaskThread "GC Thread#3" [stack: 0x0000003d25300000,0x0000003d25400000] [id=13132]
  0x00000157cf9f23e0 GCTaskThread "GC Thread#4" [stack: 0x0000003d25400000,0x0000003d25500000] [id=11500]
  0x00000157cf9f2690 GCTaskThread "GC Thread#5" [stack: 0x0000003d25500000,0x0000003d25600000] [id=6716]
  0x00000157cfe15a00 GCTaskThread "GC Thread#6" [stack: 0x0000003d25600000,0x0000003d25700000] [id=5620]
  0x00000157cf472c70 GCTaskThread "GC Thread#7" [stack: 0x0000003d24f00000,0x0000003d25000000] [id=10288]

Threads with active compile tasks:
C2 CompilerThread0   152731 14163       4       lombok.eclipse.handlers.HandleFieldDefaults::visitType (428 bytes)

VM state: not at safepoint (normal execution)

VM Mutex/Monitor currently owned by a thread: None

Heap address: 0x00000000c0000000, size: 1024 MB, Compressed Oops mode: 32-bit

CDS archive(s) not mapped
Compressed class space mapped at: 0x0000000100000000-0x0000000140000000, reserved size: 1073741824
Narrow klass base: 0x0000000000000000, Narrow klass shift: 3, Narrow klass range: 0x140000000

GC Precious Log:
 CPUs: 8 total, 8 available
 Memory: 16107M
 Large Page Support: Disabled
 NUMA Support: Disabled
 Compressed Oops: Enabled (32-bit)
 Alignments: Space 512K, Generation 512K, Heap 2M
 Heap Min Capacity: 100M
 Heap Initial Capacity: 100M
 Heap Max Capacity: 1G
 Pre-touch: Disabled
 Parallel Workers: 8

Heap:
 PSYoungGen      total 2560K, used 923K [0x00000000eab00000, 0x00000000eae80000, 0x0000000100000000)
  eden space 1536K, 25% used [0x00000000eab00000,0x00000000eab62d38,0x00000000eac80000)
  from space 1024K, 51% used [0x00000000eac80000,0x00000000ead04010,0x00000000ead80000)
  to   space 1024K, 0% used [0x00000000ead80000,0x00000000ead80000,0x00000000eae80000)
 ParOldGen       total 108544K, used 100464K [0x00000000c0000000, 0x00000000c6a00000, 0x00000000eab00000)
  object space 108544K, 92% used [0x00000000c0000000,0x00000000c621c150,0x00000000c6a00000)
 Metaspace       used 76555K, committed 77696K, reserved 1179648K
  class space    used 7862K, committed 8384K, reserved 1048576K

Card table byte_map: [0x00000157b4d10000,0x00000157b4f20000] _byte_map_base: 0x00000157b4710000

Marking Bits: (ParMarkBitMap*) 0x00007fffa65e52c0
 Begin Bits: [0x00000157c6ff0000, 0x00000157c7ff0000)
 End Bits:   [0x00000157c7ff0000, 0x00000157c8ff0000)

Polling page: 0x00000157b3320000

Metaspace:

Usage:
  Non-class:     67.08 MB used.
      Class:      7.68 MB used.
       Both:     74.76 MB used.

Virtual space:
  Non-class space:      128.00 MB reserved,      67.69 MB ( 53%) committed,  2 nodes.
      Class space:        1.00 GB reserved,       8.19 MB ( <1%) committed,  1 nodes.
             Both:        1.12 GB reserved,      75.88 MB (  7%) committed. 

Chunk freelists:
   Non-Class:  11.75 MB
       Class:  7.69 MB
        Both:  19.44 MB

MaxMetaspaceSize: unlimited
CompressedClassSpaceSize: 1.00 GB
Initial GC threshold: 21.00 MB
Current GC threshold: 125.94 MB
CDS: off
MetaspaceReclaimPolicy: balanced
 - commit_granule_bytes: 65536.
 - commit_granule_words: 8192.
 - virtual_space_node_default_size: 8388608.
 - enlarge_chunks_in_place: 1.
 - new_chunks_are_fully_committed: 0.
 - uncommit_free_chunks: 1.
 - use_allocation_guard: 0.
 - handle_deallocations: 1.


Internal statistics:

num_allocs_failed_limit: 11.
num_arena_births: 548.
num_arena_deaths: 14.
num_vsnodes_births: 3.
num_vsnodes_deaths: 0.
num_space_committed: 1214.
num_space_uncommitted: 0.
num_chunks_returned_to_freelist: 25.
num_chunks_taken_from_freelist: 3729.
num_chunk_merges: 12.
num_chunk_splits: 2327.
num_chunks_enlarged: 1359.
num_inconsistent_stats: 0.

CodeHeap 'non-profiled nmethods': size=120000Kb used=9669Kb max_used=9669Kb free=110330Kb
 bounds [0x00000157bfac0000, 0x00000157c0440000, 0x00000157c6ff0000]
CodeHeap 'profiled nmethods': size=120000Kb used=25099Kb max_used=25806Kb free=94900Kb
 bounds [0x00000157b7ff0000, 0x00000157b9930000, 0x00000157bf520000]
CodeHeap 'non-nmethods': size=5760Kb used=1384Kb max_used=1470Kb free=4375Kb
 bounds [0x00000157bf520000, 0x00000157bf790000, 0x00000157bfac0000]
 total_blobs=11891 nmethods=11175 adapters=627
 compilation: enabled
              stopped_count=0, restarted_count=0
 full_count=0

Compilation events (20 events):
Event: 152.539 Thread 0x00000157ce482e00 nmethod 14157 0x00000157c042e290 code [0x00000157c042e480, 0x00000157c04302d8]
Event: 152.539 Thread 0x00000157ce482e00 14158   !   4       org.eclipse.core.internal.resources.ProjectPathVariableManager::resolveURI (173 bytes)
Event: 152.539 Thread 0x00000157ce482e00 nmethod 14158 0x00000157c0430c10 code [0x00000157c0430d80, 0x00000157c0430e38]
Event: 152.539 Thread 0x00000157ce482e00 14159       4       org.eclipse.jdt.internal.compiler.util.CharDelegateMap::toBigMap (35 bytes)
Event: 152.541 Thread 0x00000157ce482e00 nmethod 14159 0x00000157c0430f10 code [0x00000157c04310a0, 0x00000157c04312e8]
Event: 152.600 Thread 0x00000157ce4e4750 14161       3       java.lang.StringLatin1$CharsSpliterator::estimateSize (11 bytes)
Event: 152.600 Thread 0x00000157ce4e4750 nmethod 14161 0x00000157b9659810 code [0x00000157b96599a0, 0x00000157b9659ab8]
Event: 152.600 Thread 0x00000157ce4e4750 14162       3       java.lang.StringLatin1$CharsSpliterator::tryAdvance (60 bytes)
Event: 152.600 Thread 0x00000157ce4e4750 nmethod 14162 0x00000157b9717590 code [0x00000157b9717760, 0x00000157b9717b18]
Event: 152.603 Thread 0x00000157ce482e00 14163       4       lombok.eclipse.handlers.HandleFieldDefaults::visitType (428 bytes)
Event: 152.606 Thread 0x00000157ce4e4750 14164       3       org.eclipse.jdt.internal.compiler.lookup.SourceTypeBinding::evaluateNullAnnotations (411 bytes)
Event: 152.610 Thread 0x00000157ce4e4750 nmethod 14164 0x00000157b95ecb10 code [0x00000157b95ed040, 0x00000157b95f0be8]
Event: 152.611 Thread 0x00000157ce4e4750 14166   !   3       lombok.eclipse.agent.PatchValEclipsePortal::copyInitializationOfForEachIterable (65 bytes)
Event: 152.613 Thread 0x00000157ce4e4750 nmethod 14166 0x00000157b9715f90 code [0x00000157b9716240, 0x00000157b9716f48]
Event: 152.613 Thread 0x00000157ce4e4750 14169       3       org.eclipse.jdt.internal.compiler.ast.ImportReference::checkPackageConflict (139 bytes)
Event: 152.615 Thread 0x00000157ce4e4750 nmethod 14169 0x00000157b95eae10 code [0x00000157b95eb0e0, 0x00000157b95ec478]
Event: 152.615 Thread 0x00000157ce4e4750 14167   !   3       lombok.eclipse.agent.PatchValEclipse::copyInitializationOfForEachIterable (166 bytes)
Event: 152.616 Thread 0x00000157ce4e4750 nmethod 14167 0x00000157b9609690 code [0x00000157b96099e0, 0x00000157b960ab88]
Event: 152.616 Thread 0x00000157ce4e4750 14170       3       org.eclipse.jdt.internal.compiler.lookup.SourceTypeBinding::internalFaultInTypeForFieldsAndMethods (42 bytes)
Event: 152.617 Thread 0x00000157ce4e4750 nmethod 14170 0x00000157b95ea590 code [0x00000157b95ea760, 0x00000157b95eac08]

GC Heap History (20 events):
Event: 151.711 GC heap before
{Heap before GC invocations=477 (full 14):
 PSYoungGen      total 2048K, used 1951K [0x00000000eab00000, 0x00000000eae80000, 0x0000000100000000)
  eden space 1536K, 99% used [0x00000000eab00000,0x00000000eac7ff88,0x00000000eac80000)
  from space 512K, 81% used [0x00000000eac80000,0x00000000eace8000,0x00000000ead00000)
  to   space 1024K, 0% used [0x00000000ead80000,0x00000000ead80000,0x00000000eae80000)
 ParOldGen       total 108544K, used 98890K [0x00000000c0000000, 0x00000000c6a00000, 0x00000000eab00000)
  object space 108544K, 91% used [0x00000000c0000000,0x00000000c6092a68,0x00000000c6a00000)
 Metaspace       used 76503K, committed 77696K, reserved 1179648K
  class space    used 7860K, committed 8384K, reserved 1048576K
}
Event: 151.712 GC heap after
{Heap after GC invocations=477 (full 14):
 PSYoungGen      total 2560K, used 736K [0x00000000eab00000, 0x00000000eae80000, 0x0000000100000000)
  eden space 1536K, 0% used [0x00000000eab00000,0x00000000eab00000,0x00000000eac80000)
  from space 1024K, 71% used [0x00000000ead80000,0x00000000eae38000,0x00000000eae80000)
  to   space 1024K, 0% used [0x00000000eac80000,0x00000000eac80000,0x00000000ead80000)
 ParOldGen       total 108544K, used 99212K [0x00000000c0000000, 0x00000000c6a00000, 0x00000000eab00000)
  object space 108544K, 91% used [0x00000000c0000000,0x00000000c60e3390,0x00000000c6a00000)
 Metaspace       used 76503K, committed 77696K, reserved 1179648K
  class space    used 7860K, committed 8384K, reserved 1048576K
}
Event: 151.719 GC heap before
{Heap before GC invocations=478 (full 14):
 PSYoungGen      total 2560K, used 2270K [0x00000000eab00000, 0x00000000eae80000, 0x0000000100000000)
  eden space 1536K, 99% used [0x00000000eab00000,0x00000000eac7fad8,0x00000000eac80000)
  from space 1024K, 71% used [0x00000000ead80000,0x00000000eae38000,0x00000000eae80000)
  to   space 1024K, 0% used [0x00000000eac80000,0x00000000eac80000,0x00000000ead80000)
 ParOldGen       total 108544K, used 99212K [0x00000000c0000000, 0x00000000c6a00000, 0x00000000eab00000)
  object space 108544K, 91% used [0x00000000c0000000,0x00000000c60e3390,0x00000000c6a00000)
 Metaspace       used 76509K, committed 77696K, reserved 1179648K
  class space    used 7860K, committed 8384K, reserved 1048576K
}
Event: 151.720 GC heap after
{Heap after GC invocations=478 (full 14):
 PSYoungGen      total 2560K, used 608K [0x00000000eab00000, 0x00000000eae80000, 0x0000000100000000)
  eden space 1536K, 0% used [0x00000000eab00000,0x00000000eab00000,0x00000000eac80000)
  from space 1024K, 59% used [0x00000000eac80000,0x00000000ead18000,0x00000000ead80000)
  to   space 1024K, 0% used [0x00000000ead80000,0x00000000ead80000,0x00000000eae80000)
 ParOldGen       total 108544K, used 99220K [0x00000000c0000000, 0x00000000c6a00000, 0x00000000eab00000)
  object space 108544K, 91% used [0x00000000c0000000,0x00000000c60e5390,0x00000000c6a00000)
 Metaspace       used 76509K, committed 77696K, reserved 1179648K
  class space    used 7860K, committed 8384K, reserved 1048576K
}
Event: 151.735 GC heap before
{Heap before GC invocations=479 (full 14):
 PSYoungGen      total 2560K, used 2144K [0x00000000eab00000, 0x00000000eae80000, 0x0000000100000000)
  eden space 1536K, 100% used [0x00000000eab00000,0x00000000eac80000,0x00000000eac80000)
  from space 1024K, 59% used [0x00000000eac80000,0x00000000ead18000,0x00000000ead80000)
  to   space 1024K, 0% used [0x00000000ead80000,0x00000000ead80000,0x00000000eae80000)
 ParOldGen       total 108544K, used 99220K [0x00000000c0000000, 0x00000000c6a00000, 0x00000000eab00000)
  object space 108544K, 91% used [0x00000000c0000000,0x00000000c60e5390,0x00000000c6a00000)
 Metaspace       used 76540K, committed 77696K, reserved 1179648K
  class space    used 7862K, committed 8384K, reserved 1048576K
}
Event: 151.737 GC heap after
{Heap after GC invocations=479 (full 14):
 PSYoungGen      total 2048K, used 256K [0x00000000eab00000, 0x00000000eae00000, 0x0000000100000000)
  eden space 1536K, 0% used [0x00000000eab00000,0x00000000eab00000,0x00000000eac80000)
  from space 512K, 50% used [0x00000000ead80000,0x00000000eadc0000,0x00000000eae00000)
  to   space 512K, 0% used [0x00000000ead00000,0x00000000ead00000,0x00000000ead80000)
 ParOldGen       total 108544K, used 99668K [0x00000000c0000000, 0x00000000c6a00000, 0x00000000eab00000)
  object space 108544K, 91% used [0x00000000c0000000,0x00000000c6155390,0x00000000c6a00000)
 Metaspace       used 76540K, committed 77696K, reserved 1179648K
  class space    used 7862K, committed 8384K, reserved 1048576K
}
Event: 152.193 GC heap before
{Heap before GC invocations=480 (full 14):
 PSYoungGen      total 2048K, used 1792K [0x00000000eab00000, 0x00000000eae00000, 0x0000000100000000)
  eden space 1536K, 100% used [0x00000000eab00000,0x00000000eac80000,0x00000000eac80000)
  from space 512K, 50% used [0x00000000ead80000,0x00000000eadc0000,0x00000000eae00000)
  to   space 512K, 0% used [0x00000000ead00000,0x00000000ead00000,0x00000000ead80000)
 ParOldGen       total 108544K, used 99668K [0x00000000c0000000, 0x00000000c6a00000, 0x00000000eab00000)
  object space 108544K, 91% used [0x00000000c0000000,0x00000000c6155390,0x00000000c6a00000)
 Metaspace       used 76546K, committed 77696K, reserved 1179648K
  class space    used 7862K, committed 8384K, reserved 1048576K
}
Event: 152.194 GC heap after
{Heap after GC invocations=480 (full 14):
 PSYoungGen      total 2048K, used 288K [0x00000000eab00000, 0x00000000eae00000, 0x0000000100000000)
  eden space 1536K, 0% used [0x00000000eab00000,0x00000000eab00000,0x00000000eac80000)
  from space 512K, 56% used [0x00000000ead00000,0x00000000ead48000,0x00000000ead80000)
  to   space 512K, 0% used [0x00000000ead80000,0x00000000ead80000,0x00000000eae00000)
 ParOldGen       total 108544K, used 99692K [0x00000000c0000000, 0x00000000c6a00000, 0x00000000eab00000)
  object space 108544K, 91% used [0x00000000c0000000,0x00000000c615b390,0x00000000c6a00000)
 Metaspace       used 76546K, committed 77696K, reserved 1179648K
  class space    used 7862K, committed 8384K, reserved 1048576K
}
Event: 152.387 GC heap before
{Heap before GC invocations=481 (full 14):
 PSYoungGen      total 2048K, used 1823K [0x00000000eab00000, 0x00000000eae00000, 0x0000000100000000)
  eden space 1536K, 99% used [0x00000000eab00000,0x00000000eac7ffe8,0x00000000eac80000)
  from space 512K, 56% used [0x00000000ead00000,0x00000000ead48000,0x00000000ead80000)
  to   space 512K, 0% used [0x00000000ead80000,0x00000000ead80000,0x00000000eae00000)
 ParOldGen       total 108544K, used 99692K [0x00000000c0000000, 0x00000000c6a00000, 0x00000000eab00000)
  object space 108544K, 91% used [0x00000000c0000000,0x00000000c615b390,0x00000000c6a00000)
 Metaspace       used 76548K, committed 77696K, reserved 1179648K
  class space    used 7862K, committed 8384K, reserved 1048576K
}
Event: 152.388 GC heap after
{Heap after GC invocations=481 (full 14):
 PSYoungGen      total 2048K, used 512K [0x00000000eab00000, 0x00000000eae80000, 0x0000000100000000)
  eden space 1536K, 0% used [0x00000000eab00000,0x00000000eab00000,0x00000000eac80000)
  from space 512K, 100% used [0x00000000ead80000,0x00000000eae00000,0x00000000eae00000)
  to   space 1024K, 0% used [0x00000000eac80000,0x00000000eac80000,0x00000000ead80000)
 ParOldGen       total 108544K, used 99708K [0x00000000c0000000, 0x00000000c6a00000, 0x00000000eab00000)
  object space 108544K, 91% used [0x00000000c0000000,0x00000000c615f390,0x00000000c6a00000)
 Metaspace       used 76548K, committed 77696K, reserved 1179648K
  class space    used 7862K, committed 8384K, reserved 1048576K
}
Event: 152.478 GC heap before
{Heap before GC invocations=482 (full 14):
 PSYoungGen      total 2048K, used 2048K [0x00000000eab00000, 0x00000000eae80000, 0x0000000100000000)
  eden space 1536K, 100% used [0x00000000eab00000,0x00000000eac80000,0x00000000eac80000)
  from space 512K, 100% used [0x00000000ead80000,0x00000000eae00000,0x00000000eae00000)
  to   space 1024K, 0% used [0x00000000eac80000,0x00000000eac80000,0x00000000ead80000)
 ParOldGen       total 108544K, used 99708K [0x00000000c0000000, 0x00000000c6a00000, 0x00000000eab00000)
  object space 108544K, 91% used [0x00000000c0000000,0x00000000c615f390,0x00000000c6a00000)
 Metaspace       used 76548K, committed 77696K, reserved 1179648K
  class space    used 7862K, committed 8384K, reserved 1048576K
}
Event: 152.479 GC heap after
{Heap after GC invocations=482 (full 14):
 PSYoungGen      total 2560K, used 944K [0x00000000eab00000, 0x00000000eaf80000, 0x0000000100000000)
  eden space 1536K, 0% used [0x00000000eab00000,0x00000000eab00000,0x00000000eac80000)
  from space 1024K, 92% used [0x00000000eac80000,0x00000000ead6c010,0x00000000ead80000)
  to   space 1536K, 0% used [0x00000000eae00000,0x00000000eae00000,0x00000000eaf80000)
 ParOldGen       total 108544K, used 99804K [0x00000000c0000000, 0x00000000c6a00000, 0x00000000eab00000)
  object space 108544K, 91% used [0x00000000c0000000,0x00000000c6177390,0x00000000c6a00000)
 Metaspace       used 76548K, committed 77696K, reserved 1179648K
  class space    used 7862K, committed 8384K, reserved 1048576K
}
Event: 152.486 GC heap before
{Heap before GC invocations=483 (full 14):
 PSYoungGen      total 2560K, used 2480K [0x00000000eab00000, 0x00000000eaf80000, 0x0000000100000000)
  eden space 1536K, 99% used [0x00000000eab00000,0x00000000eac7fff8,0x00000000eac80000)
  from space 1024K, 92% used [0x00000000eac80000,0x00000000ead6c010,0x00000000ead80000)
  to   space 1536K, 0% used [0x00000000eae00000,0x00000000eae00000,0x00000000eaf80000)
 ParOldGen       total 108544K, used 99804K [0x00000000c0000000, 0x00000000c6a00000, 0x00000000eab00000)
  object space 108544K, 91% used [0x00000000c0000000,0x00000000c6177390,0x00000000c6a00000)
 Metaspace       used 76548K, committed 77696K, reserved 1179648K
  class space    used 7862K, committed 8384K, reserved 1048576K
}
Event: 152.487 GC heap after
{Heap after GC invocations=483 (full 14):
 PSYoungGen      total 3072K, used 1248K [0x00000000eab00000, 0x00000000eaf80000, 0x0000000100000000)
  eden space 1536K, 0% used [0x00000000eab00000,0x00000000eab00000,0x00000000eac80000)
  from space 1536K, 81% used [0x00000000eae00000,0x00000000eaf38000,0x00000000eaf80000)
  to   space 1536K, 0% used [0x00000000eac80000,0x00000000eac80000,0x00000000eae00000)
 ParOldGen       total 108544K, used 99804K [0x00000000c0000000, 0x00000000c6a00000, 0x00000000eab00000)
  object space 108544K, 91% used [0x00000000c0000000,0x00000000c6177390,0x00000000c6a00000)
 Metaspace       used 76548K, committed 77696K, reserved 1179648K
  class space    used 7862K, committed 8384K, reserved 1048576K
}
Event: 152.493 GC heap before
{Heap before GC invocations=484 (full 14):
 PSYoungGen      total 3072K, used 2783K [0x00000000eab00000, 0x00000000eaf80000, 0x0000000100000000)
  eden space 1536K, 99% used [0x00000000eab00000,0x00000000eac7fff0,0x00000000eac80000)
  from space 1536K, 81% used [0x00000000eae00000,0x00000000eaf38000,0x00000000eaf80000)
  to   space 1536K, 0% used [0x00000000eac80000,0x00000000eac80000,0x00000000eae00000)
 ParOldGen       total 108544K, used 99804K [0x00000000c0000000, 0x00000000c6a00000, 0x00000000eab00000)
  object space 108544K, 91% used [0x00000000c0000000,0x00000000c6177390,0x00000000c6a00000)
 Metaspace       used 76548K, committed 77696K, reserved 1179648K
  class space    used 7862K, committed 8384K, reserved 1048576K
}
Event: 152.494 GC heap after
{Heap after GC invocations=484 (full 14):
 PSYoungGen      total 3072K, used 1184K [0x00000000eab00000, 0x00000000eaf80000, 0x0000000100000000)
  eden space 1536K, 0% used [0x00000000eab00000,0x00000000eab00000,0x00000000eac80000)
  from space 1536K, 77% used [0x00000000eac80000,0x00000000eada8000,0x00000000eae00000)
  to   space 1536K, 0% used [0x00000000eae00000,0x00000000eae00000,0x00000000eaf80000)
 ParOldGen       total 108544K, used 99804K [0x00000000c0000000, 0x00000000c6a00000, 0x00000000eab00000)
  object space 108544K, 91% used [0x00000000c0000000,0x00000000c6177390,0x00000000c6a00000)
 Metaspace       used 76548K, committed 77696K, reserved 1179648K
  class space    used 7862K, committed 8384K, reserved 1048576K
}
Event: 152.603 GC heap before
{Heap before GC invocations=485 (full 14):
 PSYoungGen      total 3072K, used 2720K [0x00000000eab00000, 0x00000000eaf80000, 0x0000000100000000)
  eden space 1536K, 100% used [0x00000000eab00000,0x00000000eac80000,0x00000000eac80000)
  from space 1536K, 77% used [0x00000000eac80000,0x00000000eada8000,0x00000000eae00000)
  to   space 1536K, 0% used [0x00000000eae00000,0x00000000eae00000,0x00000000eaf80000)
 ParOldGen       total 108544K, used 99804K [0x00000000c0000000, 0x00000000c6a00000, 0x00000000eab00000)
  object space 108544K, 91% used [0x00000000c0000000,0x00000000c6177390,0x00000000c6a00000)
 Metaspace       used 76550K, committed 77696K, reserved 1179648K
  class space    used 7862K, committed 8384K, reserved 1048576K
}
Event: 152.605 GC heap after
{Heap after GC invocations=485 (full 14):
 PSYoungGen      total 2048K, used 432K [0x00000000eab00000, 0x00000000eae80000, 0x0000000100000000)
  eden space 1536K, 0% used [0x00000000eab00000,0x00000000eab00000,0x00000000eac80000)
  from space 512K, 84% used [0x00000000eae00000,0x00000000eae6c010,0x00000000eae80000)
  to   space 1024K, 0% used [0x00000000eac80000,0x00000000eac80000,0x00000000ead80000)
 ParOldGen       total 108544K, used 100464K [0x00000000c0000000, 0x00000000c6a00000, 0x00000000eab00000)
  object space 108544K, 92% used [0x00000000c0000000,0x00000000c621c150,0x00000000c6a00000)
 Metaspace       used 76550K, committed 77696K, reserved 1179648K
  class space    used 7862K, committed 8384K, reserved 1048576K
}
Event: 152.612 GC heap before
{Heap before GC invocations=486 (full 14):
 PSYoungGen      total 2048K, used 1968K [0x00000000eab00000, 0x00000000eae80000, 0x0000000100000000)
  eden space 1536K, 100% used [0x00000000eab00000,0x00000000eac80000,0x00000000eac80000)
  from space 512K, 84% used [0x00000000eae00000,0x00000000eae6c010,0x00000000eae80000)
  to   space 1024K, 0% used [0x00000000eac80000,0x00000000eac80000,0x00000000ead80000)
 ParOldGen       total 108544K, used 100464K [0x00000000c0000000, 0x00000000c6a00000, 0x00000000eab00000)
  object space 108544K, 92% used [0x00000000c0000000,0x00000000c621c150,0x00000000c6a00000)
 Metaspace       used 76554K, committed 77696K, reserved 1179648K
  class space    used 7862K, committed 8384K, reserved 1048576K
}
Event: 152.613 GC heap after
{Heap after GC invocations=486 (full 14):
 PSYoungGen      total 2560K, used 528K [0x00000000eab00000, 0x00000000eae80000, 0x0000000100000000)
  eden space 1536K, 0% used [0x00000000eab00000,0x00000000eab00000,0x00000000eac80000)
  from space 1024K, 51% used [0x00000000eac80000,0x00000000ead04010,0x00000000ead80000)
  to   space 1024K, 0% used [0x00000000ead80000,0x00000000ead80000,0x00000000eae80000)
 ParOldGen       total 108544K, used 100464K [0x00000000c0000000, 0x00000000c6a00000, 0x00000000eab00000)
  object space 108544K, 92% used [0x00000000c0000000,0x00000000c621c150,0x00000000c6a00000)
 Metaspace       used 76554K, committed 77696K, reserved 1179648K
  class space    used 7862K, committed 8384K, reserved 1048576K
}

Dll operation events (10 events):
Event: 0.012 Loaded shared library c:\Users\mateus\.vscode\extensions\redhat.java-1.19.0-win32-x64\jre\17.0.7-win32-x86_64\bin\java.dll
Event: 0.515 Loaded shared library c:\Users\mateus\.vscode\extensions\redhat.java-1.19.0-win32-x64\jre\17.0.7-win32-x86_64\bin\zip.dll
Event: 0.519 Loaded shared library C:\Users\mateus\.vscode\extensions\redhat.java-1.19.0-win32-x64\jre\17.0.7-win32-x86_64\bin\instrument.dll
Event: 0.575 Loaded shared library C:\Users\mateus\.vscode\extensions\redhat.java-1.19.0-win32-x64\jre\17.0.7-win32-x86_64\bin\net.dll
Event: 0.578 Loaded shared library C:\Users\mateus\.vscode\extensions\redhat.java-1.19.0-win32-x64\jre\17.0.7-win32-x86_64\bin\nio.dll
Event: 0.609 Loaded shared library C:\Users\mateus\.vscode\extensions\redhat.java-1.19.0-win32-x64\jre\17.0.7-win32-x86_64\bin\zip.dll
Event: 0.650 Loaded shared library C:\Users\mateus\.vscode\extensions\redhat.java-1.19.0-win32-x64\jre\17.0.7-win32-x86_64\bin\jimage.dll
Event: 0.751 Loaded shared library c:\Users\mateus\.vscode\extensions\redhat.java-1.19.0-win32-x64\jre\17.0.7-win32-x86_64\bin\verify.dll
Event: 2.474 Loaded shared library C:\Users\mateus\AppData\Roaming\Code\User\globalStorage\redhat.java\1.19.0\config_win\org.eclipse.equinox.launcher\org.eclipse.equinox.launcher.win32.win32.x86_64_1.2.700.v20221108-1024\eclipse_11801.dll
Event: 4.834 Loaded shared library C:\Users\mateus\AppData\Local\Temp\jna--1081251741\jna7614500960379388126.dll

Deoptimization events (20 events):
Event: 151.709 Thread 0x00000157d048d0d0 Uncommon trap: trap_request=0xffffffbe fr.pc=0x00000157c0422df0 relative=0x00000000000002b0
Event: 151.709 Thread 0x00000157d048d0d0 Uncommon trap: reason=profile_predicate action=maybe_recompile pc=0x00000157c0422df0 method=java.util.regex.Pattern$BnM.optimize(Ljava/util/regex/Pattern$Node;)Ljava/util/regex/Pattern$Node; @ 67 c2
Event: 151.709 Thread 0x00000157d048d0d0 DEOPT PACKING pc=0x00000157c0422df0 sp=0x0000003d261fece0
Event: 151.709 Thread 0x00000157d048d0d0 DEOPT UNPACKING pc=0x00000157bf579ea3 sp=0x0000003d261fec68 mode 2
Event: 151.733 Thread 0x00000157d146c240 Uncommon trap: trap_request=0xffffffbe fr.pc=0x00000157c0422df0 relative=0x00000000000002b0
Event: 151.733 Thread 0x00000157d146c240 Uncommon trap: reason=profile_predicate action=maybe_recompile pc=0x00000157c0422df0 method=java.util.regex.Pattern$BnM.optimize(Ljava/util/regex/Pattern$Node;)Ljava/util/regex/Pattern$Node; @ 67 c2
Event: 151.733 Thread 0x00000157d146c240 DEOPT PACKING pc=0x00000157c0422df0 sp=0x0000003d26cfe9a0
Event: 151.733 Thread 0x00000157d146c240 DEOPT UNPACKING pc=0x00000157bf579ea3 sp=0x0000003d26cfe928 mode 2
Event: 152.477 Thread 0x00000157d048da70 Uncommon trap: trap_request=0xffffffbe fr.pc=0x00000157c0422df0 relative=0x00000000000002b0
Event: 152.477 Thread 0x00000157d048da70 Uncommon trap: reason=profile_predicate action=maybe_recompile pc=0x00000157c0422df0 method=java.util.regex.Pattern$BnM.optimize(Ljava/util/regex/Pattern$Node;)Ljava/util/regex/Pattern$Node; @ 67 c2
Event: 152.477 Thread 0x00000157d048da70 DEOPT PACKING pc=0x00000157c0422df0 sp=0x0000003d267fe0e0
Event: 152.477 Thread 0x00000157d048da70 DEOPT UNPACKING pc=0x00000157bf579ea3 sp=0x0000003d267fe068 mode 2
Event: 152.480 Thread 0x00000157d146c240 Uncommon trap: trap_request=0xffffffcc fr.pc=0x00000157c042bfdc relative=0x000000000000135c
Event: 152.480 Thread 0x00000157d146c240 Uncommon trap: reason=intrinsic_or_type_checked_inlining action=make_not_entrant pc=0x00000157c042bfdc method=org.eclipse.jdt.internal.compiler.parser.Parser.dispatchDeclarationInto(I)V @ 287 c2
Event: 152.480 Thread 0x00000157d146c240 DEOPT PACKING pc=0x00000157c042bfdc sp=0x0000003d26cfe1a0
Event: 152.480 Thread 0x00000157d146c240 DEOPT UNPACKING pc=0x00000157bf579ea3 sp=0x0000003d26cfe118 mode 2
Event: 152.610 Thread 0x00000157d048d0d0 Uncommon trap: trap_request=0xffffffcc fr.pc=0x00000157c042ef04 relative=0x0000000000000a84
Event: 152.610 Thread 0x00000157d048d0d0 Uncommon trap: reason=intrinsic_or_type_checked_inlining action=make_not_entrant pc=0x00000157c042ef04 method=org.eclipse.jdt.internal.compiler.parser.Parser.dispatchDeclarationInto(I)V @ 331 c2
Event: 152.610 Thread 0x00000157d048d0d0 DEOPT PACKING pc=0x00000157c042ef04 sp=0x0000003d261fe730
Event: 152.610 Thread 0x00000157d048d0d0 DEOPT UNPACKING pc=0x00000157bf579ea3 sp=0x0000003d261fe6b8 mode 2

Classes unloaded (7 events):
Event: 3.587 Thread 0x00000157b542e9e0 Unloading class 0x0000000100216400 'java/lang/invoke/LambdaForm$MH+0x0000000100216400'
Event: 3.587 Thread 0x00000157b542e9e0 Unloading class 0x0000000100216000 'java/lang/invoke/LambdaForm$MH+0x0000000100216000'
Event: 3.587 Thread 0x00000157b542e9e0 Unloading class 0x0000000100215c00 'java/lang/invoke/LambdaForm$MH+0x0000000100215c00'
Event: 3.587 Thread 0x00000157b542e9e0 Unloading class 0x0000000100215800 'java/lang/invoke/LambdaForm$MH+0x0000000100215800'
Event: 3.587 Thread 0x00000157b542e9e0 Unloading class 0x0000000100215000 'java/lang/invoke/LambdaForm$BMH+0x0000000100215000'
Event: 3.587 Thread 0x00000157b542e9e0 Unloading class 0x0000000100214c00 'java/lang/invoke/LambdaForm$DMH+0x0000000100214c00'
Event: 3.587 Thread 0x00000157b542e9e0 Unloading class 0x0000000100212000 'java/lang/invoke/LambdaForm$DMH+0x0000000100212000'

Classes redefined (0 events):
No events

Internal exceptions (20 events):
Event: 106.636 Thread 0x00000157d146c240 Exception <a 'java/lang/ClassNotFoundException'{0x00000000eb017440}: sun/net/www/protocol/jdt/Handler> (0x00000000eb017440) 
thrown [s\src\hotspot\share\classfile\systemDictionary.cpp, line 256]
Event: 106.636 Thread 0x00000157d146c240 Exception <a 'java/lang/ClassNotFoundException'{0x00000000eb019c98}: sun/net/www/protocol/jdt/Handler> (0x00000000eb019c98) 
thrown [s\src\hotspot\share\classfile\systemDictionary.cpp, line 256]
Event: 106.637 Thread 0x00000157d146c240 Exception <a 'java/lang/ClassNotFoundException'{0x00000000eb01c518}: sun/net/www/protocol/jdt/Handler> (0x00000000eb01c518) 
thrown [s\src\hotspot\share\classfile\systemDictionary.cpp, line 256]
Event: 118.216 Thread 0x00000157d048cc00 Exception <a 'java/lang/ArrayIndexOutOfBoundsException'{0x00000000eaf12618}: Index 2649 out of bounds for length 2649> (0x00000000eaf12618) 
thrown [s\src\hotspot\share\interpreter\interpreterRuntime.cpp, line 428]
Event: 119.807 Thread 0x00000157d146c240 Implicit null exception at 0x00000157c0251a98 to 0x00000157c0251c14
Event: 119.928 Thread 0x00000157d146c240 Exception <a 'java/lang/NoSuchMethodError'{0x00000000eab97e90}: 'java.lang.Object java.lang.invoke.DirectMethodHandle$Holder.newInvokeSpecial(java.lang.Object, java.lang.Object, java.lang.Object, int)'> (0x00000000eab97e90) 
thrown [s\src\hotspot\share\interpreter\linkResolver.cpp, line 759]
Event: 119.928 Thread 0x00000157d146c240 Exception <a 'java/lang/NoSuchMethodError'{0x00000000eab9bf98}: 'java.lang.Object java.lang.invoke.DirectMethodHandle$Holder.invokeSpecial(java.lang.Object, java.lang.Object, java.lang.Object, java.lang.Object, int)'> (0x00000000eab9bf98) 
thrown [s\src\hotspot\share\interpreter\linkResolver.cpp, line 759]
Event: 119.929 Thread 0x00000157d146c240 Exception <a 'java/lang/NoSuchMethodError'{0x00000000eabf68b8}: 'java.lang.Object java.lang.invoke.Invokers$Holder.linkToTargetMethod(java.lang.Object, java.lang.Object, int, java.lang.Object)'> (0x00000000eabf68b8) 
thrown [s\src\hotspot\share\interpreter\linkResolver.cpp, line 759]
Event: 119.978 Thread 0x00000157d146c240 Implicit null exception at 0x00000157c0224df9 to 0x00000157c0227d24
Event: 120.126 Thread 0x00000157d048bd90 Exception <a 'sun/nio/fs/WindowsException'{0x00000000eac7b6f8}> (0x00000000eac7b6f8) 
thrown [s\src\hotspot\share\prims\jni.cpp, line 516]
Event: 120.281 Thread 0x00000157d048bd90 Exception <a 'sun/nio/fs/WindowsException'{0x00000000eac9fb68}> (0x00000000eac9fb68) 
thrown [s\src\hotspot\share\prims\jni.cpp, line 516]
Event: 147.378 Thread 0x00000157d048bd90 Exception <a 'sun/nio/fs/WindowsException'{0x00000000eabd5710}> (0x00000000eabd5710) 
thrown [s\src\hotspot\share\prims\jni.cpp, line 516]
Event: 147.483 Thread 0x00000157d048bd90 Exception <a 'sun/nio/fs/WindowsException'{0x00000000eab733f8}> (0x00000000eab733f8) 
thrown [s\src\hotspot\share\prims\jni.cpp, line 516]
Event: 148.501 Thread 0x00000157d146c240 Exception <a 'java/lang/ClassNotFoundException'{0x00000000eab6d8d8}: sun/net/www/protocol/jdt/Handler> (0x00000000eab6d8d8) 
thrown [s\src\hotspot\share\classfile\systemDictionary.cpp, line 256]
Event: 148.501 Thread 0x00000157d146c240 Exception <a 'java/lang/ClassNotFoundException'{0x00000000eab705e0}: sun/net/www/protocol/jdt/Handler> (0x00000000eab705e0) 
thrown [s\src\hotspot\share\classfile\systemDictionary.cpp, line 256]
Event: 148.501 Thread 0x00000157d146c240 Exception <a 'java/lang/ClassNotFoundException'{0x00000000eab75830}: sun/net/www/protocol/jdt/Handler> (0x00000000eab75830) 
thrown [s\src\hotspot\share\classfile\systemDictionary.cpp, line 256]
Event: 148.502 Thread 0x00000157d146c240 Exception <a 'java/lang/ClassNotFoundException'{0x00000000eab79fc8}: sun/net/www/protocol/jdt/Handler> (0x00000000eab79fc8) 
thrown [s\src\hotspot\share\classfile\systemDictionary.cpp, line 256]
Event: 148.502 Thread 0x00000157d146c240 Exception <a 'java/lang/ClassNotFoundException'{0x00000000eab7ca80}: sun/net/www/protocol/jdt/Handler> (0x00000000eab7ca80) 
thrown [s\src\hotspot\share\classfile\systemDictionary.cpp, line 256]
Event: 148.503 Thread 0x00000157d146c240 Exception <a 'java/lang/ClassNotFoundException'{0x00000000eab7f2d8}: sun/net/www/protocol/jdt/Handler> (0x00000000eab7f2d8) 
thrown [s\src\hotspot\share\classfile\systemDictionary.cpp, line 256]
Event: 148.504 Thread 0x00000157d146c240 Exception <a 'java/lang/ClassNotFoundException'{0x00000000eab81b58}: sun/net/www/protocol/jdt/Handler> (0x00000000eab81b58) 
thrown [s\src\hotspot\share\classfile\systemDictionary.cpp, line 256]

VM Operations (20 events):
Event: 151.710 Executing VM operation: ParallelGCFailedAllocation
Event: 151.712 Executing VM operation: ParallelGCFailedAllocation done
Event: 151.719 Executing VM operation: ParallelGCFailedAllocation
Event: 151.720 Executing VM operation: ParallelGCFailedAllocation done
Event: 151.735 Executing VM operation: ParallelGCFailedAllocation
Event: 151.737 Executing VM operation: ParallelGCFailedAllocation done
Event: 152.193 Executing VM operation: ParallelGCFailedAllocation
Event: 152.194 Executing VM operation: ParallelGCFailedAllocation done
Event: 152.387 Executing VM operation: ParallelGCFailedAllocation
Event: 152.388 Executing VM operation: ParallelGCFailedAllocation done
Event: 152.478 Executing VM operation: ParallelGCFailedAllocation
Event: 152.479 Executing VM operation: ParallelGCFailedAllocation done
Event: 152.486 Executing VM operation: ParallelGCFailedAllocation
Event: 152.487 Executing VM operation: ParallelGCFailedAllocation done
Event: 152.492 Executing VM operation: ParallelGCFailedAllocation
Event: 152.494 Executing VM operation: ParallelGCFailedAllocation done
Event: 152.603 Executing VM operation: ParallelGCFailedAllocation
Event: 152.605 Executing VM operation: ParallelGCFailedAllocation done
Event: 152.612 Executing VM operation: ParallelGCFailedAllocation
Event: 152.613 Executing VM operation: ParallelGCFailedAllocation done

Events (20 events):
Event: 129.119 Thread 0x00000157ce4e7500 flushing nmethod 0x00000157b9784590
Event: 129.119 Thread 0x00000157ce4e7500 flushing nmethod 0x00000157b9790490
Event: 129.119 Thread 0x00000157ce4e7500 flushing nmethod 0x00000157b9790a10
Event: 129.119 Thread 0x00000157ce4e7500 flushing nmethod 0x00000157b9791290
Event: 129.119 Thread 0x00000157ce4e7500 flushing nmethod 0x00000157b9791d10
Event: 129.119 Thread 0x00000157ce4e7500 flushing nmethod 0x00000157b97db910
Event: 140.329 Thread 0x00000157dc087010 Thread added: 0x00000157dc087010
Event: 141.294 Thread 0x00000157dc087010 Thread exited: 0x00000157dc087010
Event: 147.468 Thread 0x00000157d14666d0 Thread added: 0x00000157d14666d0
Event: 147.482 Thread 0x00000157d14666d0 Thread exited: 0x00000157d14666d0
Event: 147.493 Thread 0x00000157d14666d0 Thread added: 0x00000157d14666d0
Event: 147.511 Thread 0x00000157d14666d0 Thread exited: 0x00000157d14666d0
Event: 147.517 Thread 0x00000157dc089890 Thread added: 0x00000157dc089890
Event: 147.854 Thread 0x00000157dc089890 Thread exited: 0x00000157dc089890
Event: 148.257 Thread 0x00000157dc08d550 Thread added: 0x00000157dc08d550
Event: 148.283 Thread 0x00000157dc089da0 Thread added: 0x00000157dc089da0
Event: 150.854 Thread 0x00000157dc089da0 Thread exited: 0x00000157dc089da0
Event: 151.293 Thread 0x00000157dc08d550 Thread exited: 0x00000157dc08d550
Event: 151.728 Thread 0x00000157dc087010 Thread added: 0x00000157dc087010
Event: 152.195 Thread 0x00000157dc087010 Thread exited: 0x00000157dc087010


Dynamic libraries:
0x00007ff757440000 - 0x00007ff75744e000 	c:\Users\mateus\.vscode\extensions\redhat.java-1.19.0-win32-x64\jre\17.0.7-win32-x86_64\bin\java.exe
0x00007fffdee10000 - 0x00007fffdf008000 	C:\Windows\SYSTEM32\ntdll.dll
0x00007fffde4e0000 - 0x00007fffde59f000 	C:\Windows\System32\KERNEL32.DLL
0x00007fffdc7c0000 - 0x00007fffdcab6000 	C:\Windows\System32\KERNELBASE.dll
0x00007fffdcac0000 - 0x00007fffdcbc0000 	C:\Windows\System32\ucrtbase.dll
0x00007fffd7b50000 - 0x00007fffd7b67000 	c:\Users\mateus\.vscode\extensions\redhat.java-1.19.0-win32-x64\jre\17.0.7-win32-x86_64\bin\jli.dll
0x00007fffdce70000 - 0x00007fffdd00d000 	C:\Windows\System32\USER32.dll
0x00007fffdc4f0000 - 0x00007fffdc512000 	C:\Windows\System32\win32u.dll
0x00007fffdd640000 - 0x00007fffdd66c000 	C:\Windows\System32\GDI32.dll
0x00007fffdcd20000 - 0x00007fffdce35000 	C:\Windows\System32\gdi32full.dll
0x00007fffdc5b0000 - 0x00007fffdc64d000 	C:\Windows\System32\msvcp_win.dll
0x00007fffd7aa0000 - 0x00007fffd7ab9000 	c:\Users\mateus\.vscode\extensions\redhat.java-1.19.0-win32-x64\jre\17.0.7-win32-x86_64\bin\VCRUNTIME140.dll
0x00007fffcaad0000 - 0x00007fffcad6a000 	C:\Windows\WinSxS\amd64_microsoft.windows.common-controls_6595b64144ccf1df_6.0.19041.1110_none_60b5254171f9507e\COMCTL32.dll
0x00007fffde3c0000 - 0x00007fffde45e000 	C:\Windows\System32\msvcrt.dll
0x00007fffdd710000 - 0x00007fffdd740000 	C:\Windows\System32\IMM32.DLL
0x00007fffd7bb0000 - 0x00007fffd7bbc000 	c:\Users\mateus\.vscode\extensions\redhat.java-1.19.0-win32-x64\jre\17.0.7-win32-x86_64\bin\vcruntime140_1.dll
0x00007fffa9520000 - 0x00007fffa95b1000 	c:\Users\mateus\.vscode\extensions\redhat.java-1.19.0-win32-x64\jre\17.0.7-win32-x86_64\bin\msvcp140.dll
0x00007fffa5a60000 - 0x00007fffa66a8000 	c:\Users\mateus\.vscode\extensions\redhat.java-1.19.0-win32-x64\jre\17.0.7-win32-x86_64\bin\server\jvm.dll
0x00007fffdd750000 - 0x00007fffdd7ff000 	C:\Windows\System32\ADVAPI32.dll
0x00007fffdd670000 - 0x00007fffdd70c000 	C:\Windows\System32\sechost.dll
0x00007fffdeba0000 - 0x00007fffdecc6000 	C:\Windows\System32\RPCRT4.dll
0x00007fffc1500000 - 0x00007fffc1509000 	C:\Windows\SYSTEM32\WSOCK32.dll
0x00007fffdecd0000 - 0x00007fffded3b000 	C:\Windows\System32\WS2_32.dll
0x00007fffd4010000 - 0x00007fffd401a000 	C:\Windows\SYSTEM32\VERSION.dll
0x00007fffc62e0000 - 0x00007fffc6307000 	C:\Windows\SYSTEM32\WINMM.dll
0x00007fffdad30000 - 0x00007fffdad42000 	C:\Windows\SYSTEM32\kernel.appcore.dll
0x00007fffd6700000 - 0x00007fffd670a000 	c:\Users\mateus\.vscode\extensions\redhat.java-1.19.0-win32-x64\jre\17.0.7-win32-x86_64\bin\jimage.dll
0x00007fffda140000 - 0x00007fffda324000 	C:\Windows\SYSTEM32\DBGHELP.DLL
0x00007fffc0c50000 - 0x00007fffc0c84000 	C:\Windows\SYSTEM32\dbgcore.DLL
0x00007fffdc520000 - 0x00007fffdc5a2000 	C:\Windows\System32\bcryptPrimitives.dll
0x00007fffd6620000 - 0x00007fffd662e000 	c:\Users\mateus\.vscode\extensions\redhat.java-1.19.0-win32-x64\jre\17.0.7-win32-x86_64\bin\instrument.dll
0x00007fffbac30000 - 0x00007fffbac55000 	c:\Users\mateus\.vscode\extensions\redhat.java-1.19.0-win32-x64\jre\17.0.7-win32-x86_64\bin\java.dll
0x00007fffd6020000 - 0x00007fffd6038000 	c:\Users\mateus\.vscode\extensions\redhat.java-1.19.0-win32-x64\jre\17.0.7-win32-x86_64\bin\zip.dll
0x00007fffddc70000 - 0x00007fffde3b4000 	C:\Windows\System32\SHELL32.dll
0x00007fffda580000 - 0x00007fffdad13000 	C:\Windows\SYSTEM32\windows.storage.dll
0x00007fffde840000 - 0x00007fffdeb94000 	C:\Windows\System32\combase.dll
0x00007fffdbf40000 - 0x00007fffdbf6e000 	C:\Windows\SYSTEM32\Wldp.dll
0x00007fffdd340000 - 0x00007fffdd3ed000 	C:\Windows\System32\SHCORE.dll
0x00007fffdd460000 - 0x00007fffdd4b5000 	C:\Windows\System32\shlwapi.dll
0x00007fffdc430000 - 0x00007fffdc44f000 	C:\Windows\SYSTEM32\profapi.dll
0x00007fffd5510000 - 0x00007fffd5529000 	C:\Users\mateus\.vscode\extensions\redhat.java-1.19.0-win32-x64\jre\17.0.7-win32-x86_64\bin\net.dll
0x00007fffd75b0000 - 0x00007fffd76ba000 	C:\Windows\SYSTEM32\WINHTTP.dll
0x00007fffdbca0000 - 0x00007fffdbd0a000 	C:\Windows\system32\mswsock.dll
0x00007fffcfb30000 - 0x00007fffcfb45000 	C:\Users\mateus\.vscode\extensions\redhat.java-1.19.0-win32-x64\jre\17.0.7-win32-x86_64\bin\nio.dll
0x00007fffd6610000 - 0x00007fffd6620000 	c:\Users\mateus\.vscode\extensions\redhat.java-1.19.0-win32-x64\jre\17.0.7-win32-x86_64\bin\verify.dll
0x00007fffb1410000 - 0x00007fffb144e000 	C:\Users\mateus\AppData\Roaming\Code\User\globalStorage\redhat.java\1.19.0\config_win\org.eclipse.equinox.launcher\org.eclipse.equinox.launcher.win32.win32.x86_64_1.2.700.v20221108-1024\eclipse_11801.dll
0x00007fffde5a0000 - 0x00007fffde6ca000 	C:\Windows\System32\ole32.dll
0x00007fffdbe90000 - 0x00007fffdbea8000 	C:\Windows\SYSTEM32\CRYPTSP.dll
0x00007fffdb550000 - 0x00007fffdb584000 	C:\Windows\system32\rsaenh.dll
0x00007fffdce40000 - 0x00007fffdce67000 	C:\Windows\System32\bcrypt.dll
0x00007fffdc3b0000 - 0x00007fffdc3de000 	C:\Windows\SYSTEM32\USERENV.dll
0x00007fffdbeb0000 - 0x00007fffdbebc000 	C:\Windows\SYSTEM32\CRYPTBASE.dll
0x00007fffdb940000 - 0x00007fffdb97c000 	C:\Windows\SYSTEM32\IPHLPAPI.DLL
0x00007fffde830000 - 0x00007fffde838000 	C:\Windows\System32\NSI.dll
0x00007fffd3f40000 - 0x00007fffd3f57000 	C:\Windows\SYSTEM32\dhcpcsvc6.DLL
0x00007fffd42e0000 - 0x00007fffd42fd000 	C:\Windows\SYSTEM32\dhcpcsvc.DLL
0x00007fffdb990000 - 0x00007fffdba5a000 	C:\Windows\SYSTEM32\DNSAPI.dll
0x00007fffae630000 - 0x00007fffae675000 	C:\Users\mateus\AppData\Local\Temp\jna--1081251741\jna7614500960379388126.dll
0x00007fffdd740000 - 0x00007fffdd748000 	C:\Windows\System32\PSAPI.DLL

dbghelp: loaded successfully - version: 4.0.5 - missing functions: none
symbol engine: initialized successfully - sym options: 0x614 - pdb path: .;c:\Users\mateus\.vscode\extensions\redhat.java-1.19.0-win32-x64\jre\17.0.7-win32-x86_64\bin;C:\Windows\SYSTEM32;C:\Windows\WinSxS\amd64_microsoft.windows.common-controls_6595b64144ccf1df_6.0.19041.1110_none_60b5254171f9507e;c:\Users\mateus\.vscode\extensions\redhat.java-1.19.0-win32-x64\jre\17.0.7-win32-x86_64\bin\server;C:\Users\mateus\AppData\Roaming\Code\User\globalStorage\redhat.java\1.19.0\config_win\org.eclipse.equinox.launcher\org.eclipse.equinox.launcher.win32.win32.x86_64_1.2.700.v20221108-1024;C:\Users\mateus\AppData\Local\Temp\jna--1081251741

VM Arguments:
jvm_args: --add-modules=ALL-SYSTEM --add-opens=java.base/java.util=ALL-UNNAMED --add-opens=java.base/java.lang=ALL-UNNAMED --add-opens=java.base/sun.nio.fs=ALL-UNNAMED -Declipse.application=org.eclipse.jdt.ls.core.id1 -Dosgi.bundles.defaultStartLevel=4 -Declipse.product=org.eclipse.jdt.ls.core.product -Djava.import.generatesMetadataFilesAtProjectRoot=false -Dfile.encoding=utf8 -XX:+UseParallelGC -XX:GCTimeRatio=4 -XX:AdaptiveSizePolicyWeight=90 -Dsun.zip.disableMemoryMapping=true -Xmx1G -Xms100m -Xlog:disable -javaagent:c:\Users\mateus\.vscode\extensions\redhat.java-1.19.0-win32-x64\lombok\lombok-1.18.28.jar -XX:+HeapDumpOnOutOfMemoryError -XX:HeapDumpPath=c:\Users\mateus\AppData\Roaming\Code\User\workspaceStorage\2a4adfb2b92c2c74a24377d63c042685\redhat.java -Daether.dependencyCollector.impl=bf 
java_command: c:\Users\mateus\.vscode\extensions\redhat.java-1.19.0-win32-x64\server\plugins\org.eclipse.equinox.launcher_1.6.400.v20210924-0641.jar -configuration c:\Users\mateus\AppData\Roaming\Code\User\globalStorage\redhat.java\1.19.0\config_win -data c:\Users\mateus\AppData\Roaming\Code\User\workspaceStorage\2a4adfb2b92c2c74a24377d63c042685\redhat.java\jdt_ws
java_class_path (initial): c:\Users\mateus\.vscode\extensions\redhat.java-1.19.0-win32-x64\server\plugins\org.eclipse.equinox.launcher_1.6.400.v20210924-0641.jar
Launcher Type: SUN_STANDARD

[Global flags]
    uintx AdaptiveSizePolicyWeight                 = 90                                        {product} {command line}
     intx CICompilerCount                          = 4                                         {product} {ergonomic}
    uintx GCTimeRatio                              = 4                                         {product} {command line}
     bool HeapDumpOnOutOfMemoryError               = true                                   {manageable} {command line}
    ccstr HeapDumpPath                             = c:\Users\mateus\AppData\Roaming\Code\User\workspaceStorage\2a4adfb2b92c2c74a24377d63c042685\redhat.java         {manageable} {command line}
   size_t InitialHeapSize                          = 104857600                                 {product} {command line}
   size_t MaxHeapSize                              = 1073741824                                {product} {command line}
   size_t MaxNewSize                               = 357564416                                 {product} {ergonomic}
   size_t MinHeapDeltaBytes                        = 524288                                    {product} {ergonomic}
   size_t MinHeapSize                              = 104857600                                 {product} {command line}
   size_t NewSize                                  = 34603008                                  {product} {ergonomic}
    uintx NonNMethodCodeHeapSize                   = 5839372                                {pd product} {ergonomic}
    uintx NonProfiledCodeHeapSize                  = 122909434                              {pd product} {ergonomic}
   size_t OldSize                                  = 70254592                                  {product} {ergonomic}
    uintx ProfiledCodeHeapSize                     = 122909434                              {pd product} {ergonomic}
    uintx ReservedCodeCacheSize                    = 251658240                              {pd product} {ergonomic}
     bool SegmentedCodeCache                       = true                                      {product} {ergonomic}
   size_t SoftMaxHeapSize                          = 1073741824                             {manageable} {ergonomic}
     bool UseCompressedClassPointers               = true                           {product lp64_product} {ergonomic}
     bool UseCompressedOops                        = true                           {product lp64_product} {ergonomic}
     bool UseLargePagesIndividualAllocation        = false                                  {pd product} {ergonomic}
     bool UseParallelGC                            = true                                      {product} {command line}

Logging:
Log output configuration:
 #0: stdout all=off uptime,level,tags
 #1: stderr all=off uptime,level,tags

Environment Variables:
JAVA_HOME=C:\Program Files\Java\jdk-17
PATH=C:\Program Files\Common Files\Oracle\Java\javapath;C:\Windows\system32;C:\Windows;C:\Windows\System32\Wbem;C:\Windows\System32\WindowsPowerShell\v1.0\;C:\Windows\System32\OpenSSH\;%JAVA_HOME%\bin;C:\Program Files\Git\cmd;C:\Users\mateus\AppData\Local\Microsoft\WindowsApps;;C:\Users\mateus\AppData\Local\Programs\Microsoft VS Code\bin
USERNAME=mateus
OS=Windows_NT
PROCESSOR_IDENTIFIER=Intel64 Family 6 Model 140 Stepping 1, GenuineIntel
TMP=C:\Users\mateus\AppData\Local\Temp
TEMP=C:\Users\mateus\AppData\Local\Temp



---------------  S Y S T E M  ---------------

OS:
 Windows 10 , 64 bit Build 19041 (10.0.19041.3031)
OS uptime: 0 days 4:30 hours

CPU: total 8 (initial active 8) (4 cores per cpu, 2 threads per core) family 6 model 140 stepping 1 microcode 0x8a, cx8, cmov, fxsr, ht, mmx, 3dnowpref, sse, sse2, sse3, ssse3, sse4.1, sse4.2, popcnt, lzcnt, tsc, tscinvbit, avx, avx2, aes, erms, clmul, bmi1, bmi2, adx, avx512f, avx512dq, avx512cd, avx512bw, avx512vl, sha, fma, vzeroupper, avx512_vpopcntdq, avx512_vpclmulqdq, avx512_vaes, avx512_vnni, clflush, clflushopt, clwb, avx512_vbmi2, avx512_vbmi

Memory: 4k page, system-wide physical 16107M (8647M free)
TotalPageFile size 19051M (AvailPageFile size 11115M)
current process WorkingSet (physical memory assigned to process): 357M, peak: 375M
current process commit charge ("private bytes"): 387M, peak: 419M

vm_info: OpenJDK 64-Bit Server VM (17.0.7+7) for windows-amd64 JRE (17.0.7+7), built on Apr 18 2023 22:10:42 by "temurin" with MS VC++ 16.7 (VS2019)

END.
