#
# A fatal error has been detected by the Java Runtime Environment:
#
#  EXCEPTION_ACCESS_VIOLATION (0xc0000005) at pc=0x00007fffa6124c16, pid=13220, tid=12708
#
# JRE version: OpenJDK Runtime Environment Temurin-17.0.7+7 (17.0.7+7) (build 17.0.7+7)
# Java VM: OpenJDK 64-Bit Server VM Temurin-17.0.7+7 (17.0.7+7, mixed mode, tiered, compressed oops, compressed class ptrs, parallel gc, windows-amd64)
# Problematic frame:
# V  [jvm.dll+0x6c4c16]
#
# No core dump will be written. Minidumps are not enabled by default on client versions of Windows
#
# If you would like to submit a bug report, please visit:
#   https://github.com/adoptium/adoptium-support/issues
#

---------------  S U M M A R Y ------------

Command Line: --add-modules=ALL-SYSTEM --add-opens=java.base/java.util=ALL-UNNAMED --add-opens=java.base/java.lang=ALL-UNNAMED --add-opens=java.base/sun.nio.fs=ALL-UNNAMED -Declipse.application=org.eclipse.jdt.ls.core.id1 -Dosgi.bundles.defaultStartLevel=4 -Declipse.product=org.eclipse.jdt.ls.core.product -Djava.import.generatesMetadataFilesAtProjectRoot=false -Dfile.encoding=utf8 -XX:+UseParallelGC -XX:GCTimeRatio=4 -XX:AdaptiveSizePolicyWeight=90 -Dsun.zip.disableMemoryMapping=true -Xmx1G -Xms100m -Xlog:disable -javaagent:c:\Users\mateus\.vscode\extensions\redhat.java-1.19.0-win32-x64\lombok\lombok-1.18.28.jar -XX:+HeapDumpOnOutOfMemoryError -XX:HeapDumpPath=c:\Users\mateus\AppData\Roaming\Code\User\workspaceStorage\2a4adfb2b92c2c74a24377d63c042685\redhat.java -Daether.dependencyCollector.impl=bf c:\Users\mateus\.vscode\extensions\redhat.java-1.19.0-win32-x64\server\plugins\org.eclipse.equinox.launcher_1.6.400.v20210924-0641.jar -configuration c:\Users\mateus\AppData\Roaming\Code\User\globalStorage\redhat.java\1.19.0\config_win -data c:\Users\mateus\AppData\Roaming\Code\User\workspaceStorage\2a4adfb2b92c2c74a24377d63c042685\redhat.java\jdt_ws

Host: 11th Gen Intel(R) Core(TM) i5-1135G7 @ 2.40GHz, 8 cores, 15G,  Windows 10 , 64 bit Build 19041 (10.0.19041.3031)
Time: Thu Jun  1 14:13:30 2023 Hora oficial do Brasil elapsed time: 238.621811 seconds (0d 0h 3m 58s)

---------------  T H R E A D  ---------------

Current thread (0x00000278fb661060):  JavaThread "C2 CompilerThread2" daemon [_thread_in_native, id=12708, stack(0x000000f23fa00000,0x000000f23fb00000)]


Current CompileTask:
C2: 238621 16499       4       org.eclipse.jdt.internal.core.ClassFileInfo::generateFieldInfos (143 bytes)

Stack: [0x000000f23fa00000,0x000000f23fb00000],  sp=0x000000f23fafb6e0,  free space=1005k
Native frames: (J=compiled Java code, j=interpreted, Vv=VM code, C=native code)
V  [jvm.dll+0x6c4c16]
V  [jvm.dll+0x1bcb3b]
V  [jvm.dll+0x219799]
V  [jvm.dll+0x218a61]
V  [jvm.dll+0x1a4d8d]
V  [jvm.dll+0x2284da]
V  [jvm.dll+0x226615]
V  [jvm.dll+0x7ea90b]
V  [jvm.dll+0x7e4e7a]
V  [jvm.dll+0x676395]
C  [ucrtbase.dll+0x21bb2]
C  [KERNEL32.DLL+0x17614]
C  [ntdll.dll+0x526f1]


siginfo: EXCEPTION_ACCESS_VIOLATION (0xc0000005), reading address 0x0000027e2fd39510


Register to memory mapping:

RIP=0x00007fffa6124c16 jvm.dll
RAX=0x00000278fe0bccd0 points into unknown readable memory: 0x000002788f044110 | 10 41 04 8f 78 02 00 00
RBX=0x00000000000013f4 is an unknown value
RCX=0x000000000000012e is an unknown value
RDX=0x000000000000163b is an unknown value
RSP=0x000000f23fafb6e0 is pointing into the stack for thread: 0x00000278fb661060
RBP=0x000000f23fafb7e0 is pointing into the stack for thread: 0x00000278fb661060
RSI=0x00000000a638f908 is an unknown value
RDI=0x0000027898f157c8 points into unknown readable memory: 0x00007fffa637b3c0 | c0 b3 37 a6 ff 7f 00 00
R8 =0x000000000000163b is an unknown value
R9 =0x000002788f2acf70 points into unknown readable memory: 0x00000278fc69e188 | 88 e1 69 fc 78 02 00 00
R10=0x000002788fe99080 points into unknown readable memory: 0x0000027898f15aa8 | a8 5a f1 98 78 02 00 00
R11=0x000002788ffb7870 points into unknown readable memory: 0x0001000105555455 | 55 54 55 05 01 00 01 00
R12=0x0000000000000003 is an unknown value
R13=0x000002788f2acf88 points into unknown readable memory: 0x00007fffa6376768 | 68 67 37 a6 ff 7f 00 00
R14=0x0000000000000002 is an unknown value
R15=0x00000000a638f908 is an unknown value


Registers:
RAX=0x00000278fe0bccd0, RBX=0x00000000000013f4, RCX=0x000000000000012e, RDX=0x000000000000163b
RSP=0x000000f23fafb6e0, RBP=0x000000f23fafb7e0, RSI=0x00000000a638f908, RDI=0x0000027898f157c8
R8 =0x000000000000163b, R9 =0x000002788f2acf70, R10=0x000002788fe99080, R11=0x000002788ffb7870
R12=0x0000000000000003, R13=0x000002788f2acf88, R14=0x0000000000000002, R15=0x00000000a638f908
RIP=0x00007fffa6124c16, EFLAGS=0x0000000000010202

Top of Stack: (sp=0x000000f23fafb6e0)
0x000000f23fafb6e0:   00000000000013f4 0000000000000146
0x000000f23fafb6f0:   000000f23fafb7e0 0000027800000003
0x000000f23fafb700:   00000278fc69f178 000000f200000001
0x000000f23fafb710:   0000027800001637 00000278fe0b9101
0x000000f23fafb720:   000002788f3c3c00 000000f23fafb840
0x000000f23fafb730:   0000000000000013 0000000000000000
0x000000f23fafb740:   000000f200000005 000002788f9811c0
0x000000f23fafb750:   0000000500000069 00007fff00000002
0x000000f23fafb760:   00007fffa65d1220 00000278987364e8
0x000000f23fafb770:   00007fff00000005 00000278fe0bdb60
0x000000f23fafb780:   00000003000002f0 00000278fe0bdeb0
0x000000f23fafb790:   00000278fe0bc980 0000027898f157c8
0x000000f23fafb7a0:   00000278fe0ba9a0 00000278fe0bb990
0x000000f23fafb7b0:   00000278fe0b6110 00000278977d8d70
0x000000f23fafb7c0:   00000000a638f908 00000278fe0b9170
0x000000f23fafb7d0:   0000131c00000000 0000000000000146 

Instructions: (pc=0x00007fffa6124c16)
0x00007fffa6124b16:   8b 04 c2 48 0f a3 c8 72 04 49 89 34 24 41 ff c2
0x00007fffa6124b26:   49 83 c4 08 45 3b d3 72 a1 44 8b 45 a4 49 8b 57
0x00007fffa6124b36:   48 41 ff c0 44 89 45 a4 44 3b 42 40 0f 82 68 e1
0x00007fffa6124b46:   ff ff 48 8b 7d 10 8b de 83 7f 18 00 76 36 0f 1f
0x00007fffa6124b56:   40 00 0f 1f 84 00 00 00 00 00 48 8b 47 10 44 8b
0x00007fffa6124b66:   85 18 03 00 00 8b cb 48 8b 14 c8 41 8d 40 01 49
0x00007fffa6124b76:   8b cf 89 85 18 03 00 00 e8 6d b0 af ff ff c3 3b
0x00007fffa6124b86:   5f 18 72 d6 8b 85 18 03 00 00 48 8b 55 08 89 45
0x00007fffa6124b96:   f4 8b c6 89 45 a0 83 7a 18 00 0f 86 ea 03 00 00
0x00007fffa6124ba6:   66 66 0f 1f 84 00 00 00 00 00 44 8b 85 18 03 00
0x00007fffa6124bb6:   00 8b c8 48 8b 42 10 4c 8b 2c c8 49 8b 47 48 4c
0x00007fffa6124bc6:   89 6d 20 41 8b 55 28 48 8b 48 78 49 8b 87 08 01
0x00007fffa6124bd6:   00 00 48 8b 3c d1 48 63 ca 49 8b d5 48 89 7d b8
0x00007fffa6124be6:   8b 1c 88 49 8b cf 48 8b 45 e8 8b 34 98 41 8d 40
0x00007fffa6124bf6:   01 89 85 18 03 00 00 89 b5 28 03 00 00 e8 e8 af
0x00007fffa6124c06:   af ff 48 8b 45 00 44 8b fe 8b 4f 4c 48 89 75 e0
0x00007fffa6124c16:   4c 8b 04 f0 8b c1 c1 e8 05 41 3b 00 72 5b 45 33
0x00007fffa6124c26:   c0 eb 6c 48 8b 8b 70 01 00 00 48 8d 15 29 d2 2e
0x00007fffa6124c36:   00 45 33 c0 e8 71 0f b0 ff 48 8d 15 1a d2 2e 00
0x00007fffa6124c46:   48 8b cb e8 c2 ea b5 ff 33 f6 e9 12 05 00 00 48
0x00007fffa6124c56:   8b 8b 70 01 00 00 48 8d 15 fd d1 2e 00 45 33 c0
0x00007fffa6124c66:   e8 45 0f b0 ff 48 8d 15 ee d1 2e 00 48 8b cb e8
0x00007fffa6124c76:   96 ea b5 ff e9 e8 04 00 00 8b d0 83 e1 1f 49 8b
0x00007fffa6124c86:   40 08 45 33 c0 8b 04 90 0f a3 c8 41 0f 92 c0 48
0x00007fffa6124c96:   8b b5 10 03 00 00 41 bc 01 00 00 00 48 69 d3 b0
0x00007fffa6124ca6:   00 00 00 48 8b 46 70 44 89 65 a4 48 8b 48 20 b8
0x00007fffa6124cb6:   00 00 00 00 f6 84 0a a8 00 00 00 10 48 8b cf 41
0x00007fffa6124cc6:   0f 44 c0 89 45 f0 e8 1f d0 a5 ff 41 3b c4 0f 86
0x00007fffa6124cd6:   97 02 00 00 66 0f 1f 44 00 00 83 7f 18 00 76 09
0x00007fffa6124ce6:   48 8b 47 20 48 8b 00 eb 02 33 c0 48 8b 40 08 45
0x00007fffa6124cf6:   8b f4 4a 8b 0c f0 48 8b 46 48 8b 51 28 48 8b 48
0x00007fffa6124d06:   78 48 8b 45 c0 48 8b 34 d1 8b 5e 4c 48 89 5d f8 


Stack slot to memory mapping:
stack at sp + 0 slots: 0x00000000000013f4 is an unknown value
stack at sp + 1 slots: 0x0000000000000146 is an unknown value
stack at sp + 2 slots: 0x000000f23fafb7e0 is pointing into the stack for thread: 0x00000278fb661060
stack at sp + 3 slots: 0x0000027800000003 is an unknown value
stack at sp + 4 slots: 0x00000278fc69f178 points into unknown readable memory: 0x00007fffa6376768 | 68 67 37 a6 ff 7f 00 00
stack at sp + 5 slots: 0x000000f200000001 is an unknown value
stack at sp + 6 slots: 0x0000027800001637 is an unknown value
stack at sp + 7 slots: 0x00000278fe0b9101 points into unknown readable memory: 00 00 00 00 00 00 00


---------------  P R O C E S S  ---------------

Threads class SMR info:
_java_thread_list=0x00000278fe7c19e0, length=41, elements={
0x00000278ef149ea0, 0x00000278f9cf53a0, 0x00000278f9cf7610, 0x00000278f9d23160,
0x00000278f9d23c20, 0x00000278f9d246e0, 0x00000278f9d26fb0, 0x00000278f9d2a810,
0x00000278f9d2b1c0, 0x00000278f9d2f440, 0x00000278f9e90350, 0x00000278fa06abf0,
0x00000278fa7c24d0, 0x00000278fadb6aa0, 0x00000278fad65460, 0x00000278faf5c010,
0x00000278faee41d0, 0x00000278facfd560, 0x00000278faf4c010, 0x00000278faf494c0,
0x00000278faf4c9b0, 0x00000278faf4acd0, 0x00000278faf4a330, 0x00000278faf49e60,
0x00000278faf4c4e0, 0x00000278faf4a800, 0x00000278faf49990, 0x00000278faf4b1a0,
0x00000278faf4b670, 0x00000278fe2a2b00, 0x00000278fe2a5ff0, 0x00000278fe2a34a0,
0x00000278fe2a2fd0, 0x00000278fe2a3970, 0x00000278fe2a64c0, 0x00000278979b0c30,
0x00000278979b2910, 0x00000278979b1100, 0x00000278fe2a81a0, 0x00000278fb660130,
0x00000278fb661060
}

Java Threads: ( => current thread )
  0x00000278ef149ea0 JavaThread "main" [_thread_blocked, id=5224, stack(0x000000f23da00000,0x000000f23db00000)]
  0x00000278f9cf53a0 JavaThread "Reference Handler" daemon [_thread_blocked, id=12100, stack(0x000000f23dd00000,0x000000f23de00000)]
  0x00000278f9cf7610 JavaThread "Finalizer" daemon [_thread_blocked, id=3420, stack(0x000000f23de00000,0x000000f23df00000)]
  0x00000278f9d23160 JavaThread "Signal Dispatcher" daemon [_thread_blocked, id=9100, stack(0x000000f23df00000,0x000000f23e000000)]
  0x00000278f9d23c20 JavaThread "Attach Listener" daemon [_thread_blocked, id=12248, stack(0x000000f23e000000,0x000000f23e100000)]
  0x00000278f9d246e0 JavaThread "Service Thread" daemon [_thread_blocked, id=12684, stack(0x000000f23e100000,0x000000f23e200000)]
  0x00000278f9d26fb0 JavaThread "Monitor Deflation Thread" daemon [_thread_blocked, id=804, stack(0x000000f23e200000,0x000000f23e300000)]
  0x00000278f9d2a810 JavaThread "C2 CompilerThread0" daemon [_thread_in_native, id=12916, stack(0x000000f23e300000,0x000000f23e400000)]
  0x00000278f9d2b1c0 JavaThread "C1 CompilerThread0" daemon [_thread_blocked, id=4968, stack(0x000000f23e400000,0x000000f23e500000)]
  0x00000278f9d2f440 JavaThread "Sweeper thread" daemon [_thread_blocked, id=7672, stack(0x000000f23e500000,0x000000f23e600000)]
  0x00000278f9e90350 JavaThread "Common-Cleaner" daemon [_thread_blocked, id=5108, stack(0x000000f23e600000,0x000000f23e700000)]
  0x00000278fa06abf0 JavaThread "Notification Thread" daemon [_thread_blocked, id=11140, stack(0x000000f23e800000,0x000000f23e900000)]
  0x00000278fa7c24d0 JavaThread "Active Thread: Equinox Container: b0a76f3c-fcb0-4b5b-a79c-31ed043dfb58" [_thread_blocked, id=544, stack(0x000000f23f100000,0x000000f23f200000)]
  0x00000278fadb6aa0 JavaThread "Framework Event Dispatcher: Equinox Container: b0a76f3c-fcb0-4b5b-a79c-31ed043dfb58" daemon [_thread_blocked, id=13144, stack(0x000000f23f200000,0x000000f23f300000)]
  0x00000278fad65460 JavaThread "Start Level: Equinox Container: b0a76f3c-fcb0-4b5b-a79c-31ed043dfb58" daemon [_thread_blocked, id=7960, stack(0x000000f23f300000,0x000000f23f400000)]
  0x00000278faf5c010 JavaThread "SCR Component Actor" daemon [_thread_blocked, id=5836, stack(0x000000f23f400000,0x000000f23f500000)]
  0x00000278faee41d0 JavaThread "Worker-JM" [_thread_blocked, id=11752, stack(0x000000f23ea00000,0x000000f23eb00000)]
  0x00000278facfd560 JavaThread "Worker-0" [_thread_blocked, id=9476, stack(0x000000f23f700000,0x000000f23f800000)]
  0x00000278faf4c010 JavaThread "Worker-1" [_thread_blocked, id=12912, stack(0x000000f23f800000,0x000000f23f900000)]
  0x00000278faf494c0 JavaThread "Java indexing" daemon [_thread_blocked, id=13064, stack(0x000000f23f900000,0x000000f23fa00000)]
  0x00000278faf4c9b0 JavaThread "JNA Cleaner" daemon [_thread_blocked, id=13028, stack(0x000000f23fb00000,0x000000f23fc00000)]
  0x00000278faf4acd0 JavaThread "pool-2-thread-1" [_thread_blocked, id=6080, stack(0x000000f23fc00000,0x000000f23fd00000)]
  0x00000278faf4a330 JavaThread "WorkspaceEventsHandler" [_thread_blocked, id=9376, stack(0x000000f23fd00000,0x000000f23fe00000)]
  0x00000278faf49e60 JavaThread "pool-1-thread-1" [_thread_in_native, id=9880, stack(0x000000f23fe00000,0x000000f23ff00000)]
  0x00000278faf4c4e0 JavaThread "Worker-2" [_thread_blocked, id=2320, stack(0x000000f23ff00000,0x000000f240000000)]
  0x00000278faf4a800 JavaThread "Worker-3" [_thread_blocked, id=11048, stack(0x000000f240000000,0x000000f240100000)]
  0x00000278faf49990 JavaThread "ForkJoinPool.commonPool-worker-1" daemon [_thread_blocked, id=8376, stack(0x000000f240100000,0x000000f240200000)]
  0x00000278faf4b1a0 JavaThread "ForkJoinPool.commonPool-worker-2" daemon [_thread_in_Java, id=2968, stack(0x000000f240200000,0x000000f240300000)]
  0x00000278faf4b670 JavaThread "ForkJoinPool.commonPool-worker-3" daemon [_thread_blocked, id=12300, stack(0x000000f240300000,0x000000f240400000)]
  0x00000278fe2a2b00 JavaThread "ForkJoinPool.commonPool-worker-4" daemon [_thread_blocked, id=2000, stack(0x000000f240400000,0x000000f240500000)]
  0x00000278fe2a5ff0 JavaThread "ForkJoinPool.commonPool-worker-5" daemon [_thread_blocked, id=11488, stack(0x000000f240500000,0x000000f240600000)]
  0x00000278fe2a34a0 JavaThread "ForkJoinPool.commonPool-worker-6" daemon [_thread_blocked, id=12560, stack(0x000000f240600000,0x000000f240700000)]
  0x00000278fe2a2fd0 JavaThread "ForkJoinPool.commonPool-worker-7" daemon [_thread_blocked, id=9168, stack(0x000000f240700000,0x000000f240800000)]
  0x00000278fe2a3970 JavaThread "Bundle File Closer" daemon [_thread_blocked, id=9700, stack(0x000000f240800000,0x000000f240900000)]
  0x00000278fe2a64c0 JavaThread "pool-1-thread-2" [_thread_blocked, id=1848, stack(0x000000f240a00000,0x000000f240b00000)]
  0x00000278979b0c30 JavaThread "Java Debug Server" daemon [_thread_in_native, id=9996, stack(0x000000f23d900000,0x000000f23da00000)]
  0x00000278979b2910 JavaThread "RxSchedulerPurge-1" daemon [_thread_blocked, id=5844, stack(0x000000f240900000,0x000000f240a00000)]
  0x00000278979b1100 JavaThread "RxCachedWorkerPoolEvictor-1" daemon [_thread_blocked, id=8692, stack(0x000000f240b00000,0x000000f240c00000)]
  0x00000278fe2a81a0 JavaThread "pool-3-thread-3" [_thread_blocked, id=7700, stack(0x000000f23d800000,0x000000f23d900000)]
  0x00000278fb660130 JavaThread "C2 CompilerThread1" daemon [_thread_in_native, id=1812, stack(0x000000f23e700000,0x000000f23e800000)]
=>0x00000278fb661060 JavaThread "C2 CompilerThread2" daemon [_thread_in_native, id=12708, stack(0x000000f23fa00000,0x000000f23fb00000)]

Other Threads:
  0x00000278f3e772f0 VMThread "VM Thread" [stack: 0x000000f23dc00000,0x000000f23dd00000] [id=4876]
  0x00000278fa06b0c0 WatcherThread [stack: 0x000000f23e900000,0x000000f23ea00000] [id=13020]
  0x00000278ef161300 GCTaskThread "GC Thread#0" [stack: 0x000000f23db00000,0x000000f23dc00000] [id=8672]
  0x00000278fa339f80 GCTaskThread "GC Thread#1" [stack: 0x000000f23eb00000,0x000000f23ec00000] [id=10620]
  0x00000278fa802920 GCTaskThread "GC Thread#2" [stack: 0x000000f23ec00000,0x000000f23ed00000] [id=8600]
  0x00000278fa802bd0 GCTaskThread "GC Thread#3" [stack: 0x000000f23ed00000,0x000000f23ee00000] [id=10708]
  0x00000278fa834a10 GCTaskThread "GC Thread#4" [stack: 0x000000f23ee00000,0x000000f23ef00000] [id=3836]
  0x00000278fa834cc0 GCTaskThread "GC Thread#5" [stack: 0x000000f23ef00000,0x000000f23f000000] [id=1104]
  0x00000278fa834f70 GCTaskThread "GC Thread#6" [stack: 0x000000f23f000000,0x000000f23f100000] [id=10228]
  0x00000278fabc2ce0 GCTaskThread "GC Thread#7" [stack: 0x000000f23f500000,0x000000f23f600000] [id=9744]

Threads with active compile tasks:
C2 CompilerThread0   238661 16506       4       org.eclipse.jdt.internal.compiler.util.Jdk::toJdkHome (51 bytes)
C2 CompilerThread1   238661 16508       4       org.eclipse.jdt.internal.core.BinaryType::isMember (15 bytes)
C2 CompilerThread2   238662 16499       4       org.eclipse.jdt.internal.core.ClassFileInfo::generateFieldInfos (143 bytes)

VM state: not at safepoint (normal execution)

VM Mutex/Monitor currently owned by a thread: None

Heap address: 0x00000000c0000000, size: 1024 MB, Compressed Oops mode: 32-bit

CDS archive(s) not mapped
Compressed class space mapped at: 0x0000000100000000-0x0000000140000000, reserved size: 1073741824
Narrow klass base: 0x0000000000000000, Narrow klass shift: 3, Narrow klass range: 0x140000000

GC Precious Log:
 CPUs: 8 total, 8 available
 Memory: 16107M
 Large Page Support: Disabled
 NUMA Support: Disabled
 Compressed Oops: Enabled (32-bit)
 Alignments: Space 512K, Generation 512K, Heap 2M
 Heap Min Capacity: 100M
 Heap Initial Capacity: 100M
 Heap Max Capacity: 1G
 Pre-touch: Disabled
 Parallel Workers: 8

Heap:
 PSYoungGen      total 18944K, used 14820K [0x00000000eab00000, 0x00000000ec580000, 0x0000000100000000)
  eden space 14848K, 74% used [0x00000000eab00000,0x00000000eb5bcc78,0x00000000eb980000)
  from space 4096K, 93% used [0x00000000ec180000,0x00000000ec53c6c0,0x00000000ec580000)
  to   space 5120K, 0% used [0x00000000ebb80000,0x00000000ebb80000,0x00000000ec080000)
 ParOldGen       total 155648K, used 138869K [0x00000000c0000000, 0x00000000c9800000, 0x00000000eab00000)
  object space 155648K, 89% used [0x00000000c0000000,0x00000000c879d4f8,0x00000000c9800000)
 Metaspace       used 81440K, committed 82560K, reserved 1179648K
  class space    used 8517K, committed 8960K, reserved 1048576K

Card table byte_map: [0x00000278eeb10000,0x00000278eed20000] _byte_map_base: 0x00000278ee510000

Marking Bits: (ParMarkBitMap*) 0x00007fffa65e52c0
 Begin Bits: [0x00000278f1de0000, 0x00000278f2de0000)
 End Bits:   [0x00000278f2de0000, 0x00000278f3de0000)

Polling page: 0x00000278ed060000

Metaspace:

Usage:
  Non-class:     71.21 MB used.
      Class:      8.32 MB used.
       Both:     79.53 MB used.

Virtual space:
  Non-class space:      128.00 MB reserved,      71.88 MB ( 56%) committed,  2 nodes.
      Class space:        1.00 GB reserved,       8.75 MB ( <1%) committed,  1 nodes.
             Both:        1.12 GB reserved,      80.62 MB (  7%) committed. 

Chunk freelists:
   Non-Class:  7.52 MB
       Class:  7.06 MB
        Both:  14.58 MB

MaxMetaspaceSize: unlimited
CompressedClassSpaceSize: 1.00 GB
Initial GC threshold: 21.00 MB
Current GC threshold: 134.31 MB
CDS: off
MetaspaceReclaimPolicy: balanced
 - commit_granule_bytes: 65536.
 - commit_granule_words: 8192.
 - virtual_space_node_default_size: 8388608.
 - enlarge_chunks_in_place: 1.
 - new_chunks_are_fully_committed: 0.
 - uncommit_free_chunks: 1.
 - use_allocation_guard: 0.
 - handle_deallocations: 1.


Internal statistics:

num_allocs_failed_limit: 9.
num_arena_births: 652.
num_arena_deaths: 28.
num_vsnodes_births: 3.
num_vsnodes_deaths: 0.
num_space_committed: 1290.
num_space_uncommitted: 0.
num_chunks_returned_to_freelist: 39.
num_chunks_taken_from_freelist: 4030.
num_chunk_merges: 12.
num_chunk_splits: 2535.
num_chunks_enlarged: 1494.
num_inconsistent_stats: 0.

CodeHeap 'non-profiled nmethods': size=120000Kb used=13108Kb max_used=13108Kb free=106891Kb
 bounds [0x0000027887ad0000, 0x00000278887b0000, 0x000002788f000000]
CodeHeap 'profiled nmethods': size=120000Kb used=26636Kb max_used=26636Kb free=93363Kb
 bounds [0x0000027880000000, 0x0000027881a30000, 0x0000027887530000]
CodeHeap 'non-nmethods': size=5760Kb used=1410Kb max_used=1507Kb free=4349Kb
 bounds [0x0000027887530000, 0x00000278877a0000, 0x0000027887ad0000]
 total_blobs=12859 nmethods=12107 adapters=660
 compilation: enabled
              stopped_count=0, restarted_count=0
 full_count=0

Compilation events (20 events):
Event: 238.523 Thread 0x00000278fb661060 nmethod 16485 0x0000027888452d90 code [0x0000027888452f40, 0x0000027888453518]
Event: 238.523 Thread 0x00000278fb661060 16342       4       org.eclipse.core.runtime.NullProgressMonitor::internalWorked (1 bytes)
Event: 238.523 Thread 0x00000278fb661060 nmethod 16342 0x0000027888452a90 code [0x0000027888452c00, 0x0000027888452c78]
Event: 238.523 Thread 0x00000278fb661060 16469  s    4       java.io.ByteArrayInputStream::available (10 bytes)
Event: 238.524 Thread 0x00000278fb661060 nmethod 16469 0x0000027888452690 code [0x0000027888452800, 0x00000278884529b8]
Event: 238.524 Thread 0x00000278fb661060 16430       4       org.eclipse.jdt.internal.core.OverflowingLRUCache::privateRemoveEntry (8 bytes)
Event: 238.528 Thread 0x00000278fb661060 nmethod 16430 0x0000027888451a90 code [0x0000027888451c20, 0x0000027888452278]
Event: 238.528 Thread 0x00000278fb661060 16495       4       jdk.internal.jimage.ImageBufferCache::releaseBuffer (71 bytes)
Event: 238.532 Thread 0x00000278f9d2a810 nmethod 16489 0x0000027888714f10 code [0x0000027888715100, 0x00000278887159c8]
Event: 238.532 Thread 0x00000278f9d2a810 16498       4       org.eclipse.jdt.core.JavaConventions::validateIdentifier (33 bytes)
Event: 238.534 Thread 0x00000278fb661060 nmethod 16495 0x0000027888450f90 code [0x0000027888451160, 0x0000027888451628]
Event: 238.534 Thread 0x00000278fb661060 16499       4       org.eclipse.jdt.internal.core.ClassFileInfo::generateFieldInfos (143 bytes)
Event: 238.549 Thread 0x00000278f9d2a810 nmethod 16498 0x0000027888713610 code [0x0000027888713840, 0x0000027888714690]
Event: 238.549 Thread 0x00000278f9d2a810 16497       4       org.eclipse.jdt.internal.compiler.util.Util::scanTypeArgumentSignature (62 bytes)
Event: 238.556 Thread 0x00000278f9d2a810 nmethod 16497 0x0000027888712590 code [0x0000027888712780, 0x0000027888712ee0]
Event: 238.556 Thread 0x00000278f9d2a810 16502       4       java.nio.ByteBuffer::order (48 bytes)
Event: 238.557 Thread 0x00000278f9d2a810 nmethod 16502 0x0000027888450b90 code [0x0000027888450d00, 0x0000027888450db8]
Event: 238.557 Thread 0x00000278f9d2a810 16503   !   4       org.eclipse.jdt.internal.compiler.util.Jdk::<init> (49 bytes)
Event: 238.585 Thread 0x00000278f9d2b1c0 16509       3       org.eclipse.jdt.internal.compiler.classfmt.FieldInfo::decodeAnnotations (185 bytes)
Event: 238.586 Thread 0x00000278f9d2b1c0 nmethod 16509 0x00000278818aba90 code [0x00000278818abca0, 0x00000278818ac7b8]

GC Heap History (20 events):
Event: 238.304 GC heap before
{Heap before GC invocations=641 (full 21):
 PSYoungGen      total 13312K, used 13158K [0x00000000eab00000, 0x00000000ebb00000, 0x0000000100000000)
  eden space 10240K, 100% used [0x00000000eab00000,0x00000000eb500000,0x00000000eb500000)
  from space 3072K, 95% used [0x00000000eb500000,0x00000000eb7d99d0,0x00000000eb800000)
  to   space 3072K, 0% used [0x00000000eb800000,0x00000000eb800000,0x00000000ebb00000)
 ParOldGen       total 148480K, used 142511K [0x00000000c0000000, 0x00000000c9100000, 0x00000000eab00000)
  object space 148480K, 95% used [0x00000000c0000000,0x00000000c8b2bee8,0x00000000c9100000)
 Metaspace       used 81440K, committed 82560K, reserved 1179648K
  class space    used 8517K, committed 8960K, reserved 1048576K
}
Event: 238.309 GC heap after
{Heap after GC invocations=641 (full 21):
 PSYoungGen      total 9728K, used 3058K [0x00000000eab00000, 0x00000000ec300000, 0x0000000100000000)
  eden space 6656K, 0% used [0x00000000eab00000,0x00000000eab00000,0x00000000eb180000)
  from space 3072K, 99% used [0x00000000eb800000,0x00000000ebafca80,0x00000000ebb00000)
  to   space 6656K, 0% used [0x00000000eb180000,0x00000000eb180000,0x00000000eb800000)
 ParOldGen       total 148480K, used 145459K [0x00000000c0000000, 0x00000000c9100000, 0x00000000eab00000)
  object space 148480K, 97% used [0x00000000c0000000,0x00000000c8e0ccc8,0x00000000c9100000)
 Metaspace       used 81440K, committed 82560K, reserved 1179648K
  class space    used 8517K, committed 8960K, reserved 1048576K
}
Event: 238.309 GC heap before
{Heap before GC invocations=642 (full 22):
 PSYoungGen      total 9728K, used 3058K [0x00000000eab00000, 0x00000000ec300000, 0x0000000100000000)
  eden space 6656K, 0% used [0x00000000eab00000,0x00000000eab00000,0x00000000eb180000)
  from space 3072K, 99% used [0x00000000eb800000,0x00000000ebafca80,0x00000000ebb00000)
  to   space 6656K, 0% used [0x00000000eb180000,0x00000000eb180000,0x00000000eb800000)
 ParOldGen       total 148480K, used 145459K [0x00000000c0000000, 0x00000000c9100000, 0x00000000eab00000)
  object space 148480K, 97% used [0x00000000c0000000,0x00000000c8e0ccc8,0x00000000c9100000)
 Metaspace       used 81440K, committed 82560K, reserved 1179648K
  class space    used 8517K, committed 8960K, reserved 1048576K
}
Event: 238.410 GC heap after
{Heap after GC invocations=642 (full 22):
 PSYoungGen      total 13312K, used 0K [0x00000000eab00000, 0x00000000ebf80000, 0x0000000100000000)
  eden space 6656K, 0% used [0x00000000eab00000,0x00000000eab00000,0x00000000eb180000)
  from space 6656K, 0% used [0x00000000eb180000,0x00000000eb180000,0x00000000eb800000)
  to   space 6656K, 0% used [0x00000000eb900000,0x00000000eb900000,0x00000000ebf80000)
 ParOldGen       total 155648K, used 115859K [0x00000000c0000000, 0x00000000c9800000, 0x00000000eab00000)
  object space 155648K, 74% used [0x00000000c0000000,0x00000000c7124ed0,0x00000000c9800000)
 Metaspace       used 81440K, committed 82560K, reserved 1179648K
  class space    used 8517K, committed 8960K, reserved 1048576K
}
Event: 238.428 GC heap before
{Heap before GC invocations=643 (full 22):
 PSYoungGen      total 13312K, used 6656K [0x00000000eab00000, 0x00000000ebf80000, 0x0000000100000000)
  eden space 6656K, 100% used [0x00000000eab00000,0x00000000eb180000,0x00000000eb180000)
  from space 6656K, 0% used [0x00000000eb180000,0x00000000eb180000,0x00000000eb800000)
  to   space 6656K, 0% used [0x00000000eb900000,0x00000000eb900000,0x00000000ebf80000)
 ParOldGen       total 155648K, used 115859K [0x00000000c0000000, 0x00000000c9800000, 0x00000000eab00000)
  object space 155648K, 74% used [0x00000000c0000000,0x00000000c7124ed0,0x00000000c9800000)
 Metaspace       used 81440K, committed 82560K, reserved 1179648K
  class space    used 8517K, committed 8960K, reserved 1048576K
}
Event: 238.430 GC heap after
{Heap after GC invocations=643 (full 22):
 PSYoungGen      total 10240K, used 2230K [0x00000000eab00000, 0x00000000ebb80000, 0x0000000100000000)
  eden space 7680K, 0% used [0x00000000eab00000,0x00000000eab00000,0x00000000eb280000)
  from space 2560K, 87% used [0x00000000eb900000,0x00000000ebb2db58,0x00000000ebb80000)
  to   space 4096K, 0% used [0x00000000eb380000,0x00000000eb380000,0x00000000eb780000)
 ParOldGen       total 155648K, used 115859K [0x00000000c0000000, 0x00000000c9800000, 0x00000000eab00000)
  object space 155648K, 74% used [0x00000000c0000000,0x00000000c7124ed0,0x00000000c9800000)
 Metaspace       used 81440K, committed 82560K, reserved 1179648K
  class space    used 8517K, committed 8960K, reserved 1048576K
}
Event: 238.447 GC heap before
{Heap before GC invocations=644 (full 22):
 PSYoungGen      total 10240K, used 9910K [0x00000000eab00000, 0x00000000ebb80000, 0x0000000100000000)
  eden space 7680K, 100% used [0x00000000eab00000,0x00000000eb280000,0x00000000eb280000)
  from space 2560K, 87% used [0x00000000eb900000,0x00000000ebb2db58,0x00000000ebb80000)
  to   space 4096K, 0% used [0x00000000eb380000,0x00000000eb380000,0x00000000eb780000)
 ParOldGen       total 155648K, used 115859K [0x00000000c0000000, 0x00000000c9800000, 0x00000000eab00000)
  object space 155648K, 74% used [0x00000000c0000000,0x00000000c7124ed0,0x00000000c9800000)
 Metaspace       used 81440K, committed 82560K, reserved 1179648K
  class space    used 8517K, committed 8960K, reserved 1048576K
}
Event: 238.449 GC heap after
{Heap after GC invocations=644 (full 22):
 PSYoungGen      total 12800K, used 4072K [0x00000000eab00000, 0x00000000ebd80000, 0x0000000100000000)
  eden space 8704K, 0% used [0x00000000eab00000,0x00000000eab00000,0x00000000eb380000)
  from space 4096K, 99% used [0x00000000eb380000,0x00000000eb77a2e8,0x00000000eb780000)
  to   space 5120K, 0% used [0x00000000eb880000,0x00000000eb880000,0x00000000ebd80000)
 ParOldGen       total 155648K, used 116123K [0x00000000c0000000, 0x00000000c9800000, 0x00000000eab00000)
  object space 155648K, 74% used [0x00000000c0000000,0x00000000c7166ed0,0x00000000c9800000)
 Metaspace       used 81440K, committed 82560K, reserved 1179648K
  class space    used 8517K, committed 8960K, reserved 1048576K
}
Event: 238.466 GC heap before
{Heap before GC invocations=645 (full 22):
 PSYoungGen      total 12800K, used 12776K [0x00000000eab00000, 0x00000000ebd80000, 0x0000000100000000)
  eden space 8704K, 100% used [0x00000000eab00000,0x00000000eb380000,0x00000000eb380000)
  from space 4096K, 99% used [0x00000000eb380000,0x00000000eb77a2e8,0x00000000eb780000)
  to   space 5120K, 0% used [0x00000000eb880000,0x00000000eb880000,0x00000000ebd80000)
 ParOldGen       total 155648K, used 116123K [0x00000000c0000000, 0x00000000c9800000, 0x00000000eab00000)
  object space 155648K, 74% used [0x00000000c0000000,0x00000000c7166ed0,0x00000000c9800000)
 Metaspace       used 81440K, committed 82560K, reserved 1179648K
  class space    used 8517K, committed 8960K, reserved 1048576K
}
Event: 238.469 GC heap after
{Heap after GC invocations=645 (full 22):
 PSYoungGen      total 12800K, used 2655K [0x00000000eab00000, 0x00000000ebb80000, 0x0000000100000000)
  eden space 9728K, 0% used [0x00000000eab00000,0x00000000eab00000,0x00000000eb480000)
  from space 3072K, 86% used [0x00000000eb880000,0x00000000ebb17e88,0x00000000ebb80000)
  to   space 3584K, 0% used [0x00000000eb480000,0x00000000eb480000,0x00000000eb800000)
 ParOldGen       total 155648K, used 120286K [0x00000000c0000000, 0x00000000c9800000, 0x00000000eab00000)
  object space 155648K, 77% used [0x00000000c0000000,0x00000000c7577ba0,0x00000000c9800000)
 Metaspace       used 81440K, committed 82560K, reserved 1179648K
  class space    used 8517K, committed 8960K, reserved 1048576K
}
Event: 238.489 GC heap before
{Heap before GC invocations=646 (full 22):
 PSYoungGen      total 12800K, used 12383K [0x00000000eab00000, 0x00000000ebb80000, 0x0000000100000000)
  eden space 9728K, 100% used [0x00000000eab00000,0x00000000eb480000,0x00000000eb480000)
  from space 3072K, 86% used [0x00000000eb880000,0x00000000ebb17e88,0x00000000ebb80000)
  to   space 3584K, 0% used [0x00000000eb480000,0x00000000eb480000,0x00000000eb800000)
 ParOldGen       total 155648K, used 120286K [0x00000000c0000000, 0x00000000c9800000, 0x00000000eab00000)
  object space 155648K, 77% used [0x00000000c0000000,0x00000000c7577ba0,0x00000000c9800000)
 Metaspace       used 81440K, committed 82560K, reserved 1179648K
  class space    used 8517K, committed 8960K, reserved 1048576K
}
Event: 238.492 GC heap after
{Heap after GC invocations=646 (full 22):
 PSYoungGen      total 13312K, used 3579K [0x00000000eab00000, 0x00000000ec180000, 0x0000000100000000)
  eden space 9728K, 0% used [0x00000000eab00000,0x00000000eab00000,0x00000000eb480000)
  from space 3584K, 99% used [0x00000000eb480000,0x00000000eb7fef78,0x00000000eb800000)
  to   space 6144K, 0% used [0x00000000ebb80000,0x00000000ebb80000,0x00000000ec180000)
 ParOldGen       total 155648K, used 122035K [0x00000000c0000000, 0x00000000c9800000, 0x00000000eab00000)
  object space 155648K, 78% used [0x00000000c0000000,0x00000000c772cd70,0x00000000c9800000)
 Metaspace       used 81440K, committed 82560K, reserved 1179648K
  class space    used 8517K, committed 8960K, reserved 1048576K
}
Event: 238.513 GC heap before
{Heap before GC invocations=647 (full 22):
 PSYoungGen      total 13312K, used 13307K [0x00000000eab00000, 0x00000000ec180000, 0x0000000100000000)
  eden space 9728K, 100% used [0x00000000eab00000,0x00000000eb480000,0x00000000eb480000)
  from space 3584K, 99% used [0x00000000eb480000,0x00000000eb7fef78,0x00000000eb800000)
  to   space 6144K, 0% used [0x00000000ebb80000,0x00000000ebb80000,0x00000000ec180000)
 ParOldGen       total 155648K, used 122035K [0x00000000c0000000, 0x00000000c9800000, 0x00000000eab00000)
  object space 155648K, 78% used [0x00000000c0000000,0x00000000c772cd70,0x00000000c9800000)
 Metaspace       used 81440K, committed 82560K, reserved 1179648K
  class space    used 8517K, committed 8960K, reserved 1048576K
}
Event: 238.516 GC heap after
{Heap after GC invocations=647 (full 22):
 PSYoungGen      total 13824K, used 2720K [0x00000000eab00000, 0x00000000ebe80000, 0x0000000100000000)
  eden space 10752K, 0% used [0x00000000eab00000,0x00000000eab00000,0x00000000eb580000)
  from space 3072K, 88% used [0x00000000ebb80000,0x00000000ebe281b0,0x00000000ebe80000)
  to   space 4096K, 0% used [0x00000000eb680000,0x00000000eb680000,0x00000000eba80000)
 ParOldGen       total 155648K, used 125654K [0x00000000c0000000, 0x00000000c9800000, 0x00000000eab00000)
  object space 155648K, 80% used [0x00000000c0000000,0x00000000c7ab5838,0x00000000c9800000)
 Metaspace       used 81440K, committed 82560K, reserved 1179648K
  class space    used 8517K, committed 8960K, reserved 1048576K
}
Event: 238.535 GC heap before
{Heap before GC invocations=648 (full 22):
 PSYoungGen      total 13824K, used 13472K [0x00000000eab00000, 0x00000000ebe80000, 0x0000000100000000)
  eden space 10752K, 100% used [0x00000000eab00000,0x00000000eb580000,0x00000000eb580000)
  from space 3072K, 88% used [0x00000000ebb80000,0x00000000ebe281b0,0x00000000ebe80000)
  to   space 4096K, 0% used [0x00000000eb680000,0x00000000eb680000,0x00000000eba80000)
 ParOldGen       total 155648K, used 125654K [0x00000000c0000000, 0x00000000c9800000, 0x00000000eab00000)
  object space 155648K, 80% used [0x00000000c0000000,0x00000000c7ab5838,0x00000000c9800000)
 Metaspace       used 81440K, committed 82560K, reserved 1179648K
  class space    used 8517K, committed 8960K, reserved 1048576K
}
Event: 238.539 GC heap after
{Heap after GC invocations=648 (full 22):
 PSYoungGen      total 15872K, used 4086K [0x00000000eab00000, 0x00000000ec400000, 0x0000000100000000)
  eden space 11776K, 0% used [0x00000000eab00000,0x00000000eab00000,0x00000000eb680000)
  from space 4096K, 99% used [0x00000000eb680000,0x00000000eba7da88,0x00000000eba80000)
  to   space 6656K, 0% used [0x00000000ebd80000,0x00000000ebd80000,0x00000000ec400000)
 ParOldGen       total 155648K, used 127526K [0x00000000c0000000, 0x00000000c9800000, 0x00000000eab00000)
  object space 155648K, 81% used [0x00000000c0000000,0x00000000c7c89838,0x00000000c9800000)
 Metaspace       used 81440K, committed 82560K, reserved 1179648K
  class space    used 8517K, committed 8960K, reserved 1048576K
}
Event: 238.559 GC heap before
{Heap before GC invocations=649 (full 22):
 PSYoungGen      total 15872K, used 15862K [0x00000000eab00000, 0x00000000ec400000, 0x0000000100000000)
  eden space 11776K, 100% used [0x00000000eab00000,0x00000000eb680000,0x00000000eb680000)
  from space 4096K, 99% used [0x00000000eb680000,0x00000000eba7da88,0x00000000eba80000)
  to   space 6656K, 0% used [0x00000000ebd80000,0x00000000ebd80000,0x00000000ec400000)
 ParOldGen       total 155648K, used 127526K [0x00000000c0000000, 0x00000000c9800000, 0x00000000eab00000)
  object space 155648K, 81% used [0x00000000c0000000,0x00000000c7c89838,0x00000000c9800000)
 Metaspace       used 81440K, committed 82560K, reserved 1179648K
  class space    used 8517K, committed 8960K, reserved 1048576K
}
Event: 238.563 GC heap after
{Heap after GC invocations=649 (full 22):
 PSYoungGen      total 16896K, used 3514K [0x00000000eab00000, 0x00000000ec100000, 0x0000000100000000)
  eden space 13312K, 0% used [0x00000000eab00000,0x00000000eab00000,0x00000000eb800000)
  from space 3584K, 98% used [0x00000000ebd80000,0x00000000ec0ee978,0x00000000ec100000)
  to   space 4608K, 0% used [0x00000000eb800000,0x00000000eb800000,0x00000000ebc80000)
 ParOldGen       total 155648K, used 131658K [0x00000000c0000000, 0x00000000c9800000, 0x00000000eab00000)
  object space 155648K, 84% used [0x00000000c0000000,0x00000000c8092800,0x00000000c9800000)
 Metaspace       used 81440K, committed 82560K, reserved 1179648K
  class space    used 8517K, committed 8960K, reserved 1048576K
}
Event: 238.591 GC heap before
{Heap before GC invocations=650 (full 22):
 PSYoungGen      total 16896K, used 16826K [0x00000000eab00000, 0x00000000ec100000, 0x0000000100000000)
  eden space 13312K, 100% used [0x00000000eab00000,0x00000000eb800000,0x00000000eb800000)
  from space 3584K, 98% used [0x00000000ebd80000,0x00000000ec0ee978,0x00000000ec100000)
  to   space 4608K, 0% used [0x00000000eb800000,0x00000000eb800000,0x00000000ebc80000)
 ParOldGen       total 155648K, used 131658K [0x00000000c0000000, 0x00000000c9800000, 0x00000000eab00000)
  object space 155648K, 84% used [0x00000000c0000000,0x00000000c8092800,0x00000000c9800000)
 Metaspace       used 81440K, committed 82560K, reserved 1179648K
  class space    used 8517K, committed 8960K, reserved 1048576K
}
Event: 238.595 GC heap after
{Heap after GC invocations=650 (full 22):
 PSYoungGen      total 17920K, used 4601K [0x00000000eab00000, 0x00000000ec980000, 0x0000000100000000)
  eden space 13312K, 0% used [0x00000000eab00000,0x00000000eab00000,0x00000000eb800000)
  from space 4608K, 99% used [0x00000000eb800000,0x00000000ebc7e580,0x00000000ebc80000)
  to   space 8192K, 0% used [0x00000000ec180000,0x00000000ec180000,0x00000000ec980000)
 ParOldGen       total 155648K, used 134304K [0x00000000c0000000, 0x00000000c9800000, 0x00000000eab00000)
  object space 155648K, 86% used [0x00000000c0000000,0x00000000c8328110,0x00000000c9800000)
 Metaspace       used 81440K, committed 82560K, reserved 1179648K
  class space    used 8517K, committed 8960K, reserved 1048576K
}

Dll operation events (10 events):
Event: 0.008 Loaded shared library c:\Users\mateus\.vscode\extensions\redhat.java-1.19.0-win32-x64\jre\17.0.7-win32-x86_64\bin\java.dll
Event: 0.135 Loaded shared library c:\Users\mateus\.vscode\extensions\redhat.java-1.19.0-win32-x64\jre\17.0.7-win32-x86_64\bin\zip.dll
Event: 0.136 Loaded shared library C:\Users\mateus\.vscode\extensions\redhat.java-1.19.0-win32-x64\jre\17.0.7-win32-x86_64\bin\instrument.dll
Event: 0.148 Loaded shared library C:\Users\mateus\.vscode\extensions\redhat.java-1.19.0-win32-x64\jre\17.0.7-win32-x86_64\bin\net.dll
Event: 0.149 Loaded shared library C:\Users\mateus\.vscode\extensions\redhat.java-1.19.0-win32-x64\jre\17.0.7-win32-x86_64\bin\nio.dll
Event: 0.154 Loaded shared library C:\Users\mateus\.vscode\extensions\redhat.java-1.19.0-win32-x64\jre\17.0.7-win32-x86_64\bin\zip.dll
Event: 0.169 Loaded shared library C:\Users\mateus\.vscode\extensions\redhat.java-1.19.0-win32-x64\jre\17.0.7-win32-x86_64\bin\jimage.dll
Event: 0.247 Loaded shared library c:\Users\mateus\.vscode\extensions\redhat.java-1.19.0-win32-x64\jre\17.0.7-win32-x86_64\bin\verify.dll
Event: 1.222 Loaded shared library C:\Users\mateus\AppData\Roaming\Code\User\globalStorage\redhat.java\1.19.0\config_win\org.eclipse.equinox.launcher\org.eclipse.equinox.launcher.win32.win32.x86_64_1.2.700.v20221108-1024\eclipse_11801.dll
Event: 2.856 Loaded shared library C:\Users\mateus\AppData\Local\Temp\jna--1081251741\jna4561054242597783995.dll

Deoptimization events (20 events):
Event: 238.549 Thread 0x00000278faf4b1a0 DEOPT PACKING pc=0x0000027880b8a405 sp=0x000000f2402fe3b0
Event: 238.549 Thread 0x00000278faf4b1a0 DEOPT UNPACKING pc=0x000002788758a9e3 sp=0x000000f2402fd8d8 mode 0
Event: 238.555 Thread 0x00000278faf4b1a0 DEOPT PACKING pc=0x0000027880b8a405 sp=0x000000f2402fe3b0
Event: 238.555 Thread 0x00000278faf4b1a0 DEOPT UNPACKING pc=0x000002788758a9e3 sp=0x000000f2402fd8d8 mode 0
Event: 238.558 Thread 0x00000278faf4b1a0 DEOPT PACKING pc=0x0000027880b8a405 sp=0x000000f2402fe3b0
Event: 238.558 Thread 0x00000278faf4b1a0 DEOPT UNPACKING pc=0x000002788758a9e3 sp=0x000000f2402fd8d8 mode 0
Event: 238.567 Thread 0x00000278faf4b1a0 DEOPT PACKING pc=0x0000027880b8a405 sp=0x000000f2402fe3b0
Event: 238.567 Thread 0x00000278faf4b1a0 DEOPT UNPACKING pc=0x000002788758a9e3 sp=0x000000f2402fd8d8 mode 0
Event: 238.575 Thread 0x00000278faf4b1a0 DEOPT PACKING pc=0x0000027880b8a405 sp=0x000000f2402fe3b0
Event: 238.575 Thread 0x00000278faf4b1a0 DEOPT UNPACKING pc=0x000002788758a9e3 sp=0x000000f2402fd8d8 mode 0
Event: 238.579 Thread 0x00000278faf4b1a0 DEOPT PACKING pc=0x0000027880b8a405 sp=0x000000f2402fe3b0
Event: 238.579 Thread 0x00000278faf4b1a0 DEOPT UNPACKING pc=0x000002788758a9e3 sp=0x000000f2402fd8d8 mode 0
Event: 238.582 Thread 0x00000278faf4b1a0 DEOPT PACKING pc=0x0000027880b8a405 sp=0x000000f2402fe3b0
Event: 238.582 Thread 0x00000278faf4b1a0 DEOPT UNPACKING pc=0x000002788758a9e3 sp=0x000000f2402fd8d8 mode 0
Event: 238.586 Thread 0x00000278faf4b1a0 DEOPT PACKING pc=0x0000027880b8a405 sp=0x000000f2402fe3b0
Event: 238.586 Thread 0x00000278faf4b1a0 DEOPT UNPACKING pc=0x000002788758a9e3 sp=0x000000f2402fd8d8 mode 0
Event: 238.590 Thread 0x00000278faf4b1a0 DEOPT PACKING pc=0x0000027880b8a405 sp=0x000000f2402fe3b0
Event: 238.590 Thread 0x00000278faf4b1a0 DEOPT UNPACKING pc=0x000002788758a9e3 sp=0x000000f2402fd8d8 mode 0
Event: 238.598 Thread 0x00000278faf4b1a0 DEOPT PACKING pc=0x0000027880b8a405 sp=0x000000f2402fe3b0
Event: 238.598 Thread 0x00000278faf4b1a0 DEOPT UNPACKING pc=0x000002788758a9e3 sp=0x000000f2402fd8d8 mode 0

Classes unloaded (14 events):
Event: 1.868 Thread 0x00000278f3e772f0 Unloading class 0x0000000100216400 'java/lang/invoke/LambdaForm$MH+0x0000000100216400'
Event: 1.868 Thread 0x00000278f3e772f0 Unloading class 0x0000000100216000 'java/lang/invoke/LambdaForm$MH+0x0000000100216000'
Event: 1.868 Thread 0x00000278f3e772f0 Unloading class 0x0000000100215c00 'java/lang/invoke/LambdaForm$MH+0x0000000100215c00'
Event: 1.868 Thread 0x00000278f3e772f0 Unloading class 0x0000000100215800 'java/lang/invoke/LambdaForm$MH+0x0000000100215800'
Event: 1.868 Thread 0x00000278f3e772f0 Unloading class 0x0000000100215000 'java/lang/invoke/LambdaForm$BMH+0x0000000100215000'
Event: 1.868 Thread 0x00000278f3e772f0 Unloading class 0x0000000100214c00 'java/lang/invoke/LambdaForm$DMH+0x0000000100214c00'
Event: 1.868 Thread 0x00000278f3e772f0 Unloading class 0x0000000100212000 'java/lang/invoke/LambdaForm$DMH+0x0000000100212000'
Event: 6.280 Thread 0x00000278f3e772f0 Unloading class 0x000000010067d400 'java/lang/invoke/LambdaForm$DMH+0x000000010067d400'
Event: 6.280 Thread 0x00000278f3e772f0 Unloading class 0x000000010067d000 'java/lang/invoke/LambdaForm$DMH+0x000000010067d000'
Event: 6.280 Thread 0x00000278f3e772f0 Unloading class 0x000000010067cc00 'java/lang/invoke/LambdaForm$DMH+0x000000010067cc00'
Event: 6.280 Thread 0x00000278f3e772f0 Unloading class 0x000000010067c400 'java/lang/invoke/LambdaForm$DMH+0x000000010067c400'
Event: 6.280 Thread 0x00000278f3e772f0 Unloading class 0x0000000100674800 'java/lang/invoke/LambdaForm$DMH+0x0000000100674800'
Event: 6.280 Thread 0x00000278f3e772f0 Unloading class 0x0000000100674000 'java/lang/invoke/LambdaForm$DMH+0x0000000100674000'
Event: 85.827 Thread 0x00000278f3e772f0 Unloading class 0x00000001006a4400 'java/lang/invoke/LambdaForm$DMH+0x00000001006a4400'

Classes redefined (0 events):
No events

Internal exceptions (20 events):
Event: 189.956 Thread 0x00000278faf49e60 Exception <a 'java/lang/ClassCastException'{0x00000000eacb8208}> (0x00000000eacb8208) 
thrown [s\src\hotspot\share\runtime\sharedRuntime.cpp, line 628]
Event: 189.956 Thread 0x00000278faf49e60 Exception <a 'java/lang/ClassCastException'{0x00000000eacb8670}> (0x00000000eacb8670) 
thrown [s\src\hotspot\share\runtime\sharedRuntime.cpp, line 628]
Event: 189.956 Thread 0x00000278faf49e60 Exception <a 'java/lang/ClassCastException'{0x00000000eacb8ad8}> (0x00000000eacb8ad8) 
thrown [s\src\hotspot\share\runtime\sharedRuntime.cpp, line 628]
Event: 189.956 Thread 0x00000278faf49e60 Exception <a 'java/lang/ClassCastException'{0x00000000eacb8f40}> (0x00000000eacb8f40) 
thrown [s\src\hotspot\share\runtime\sharedRuntime.cpp, line 628]
Event: 190.103 Thread 0x00000278fe2a64c0 Exception <a 'java/lang/ClassNotFoundException'{0x00000000eac8b5a8}: sun/net/www/protocol/jdt/Handler> (0x00000000eac8b5a8) 
thrown [s\src\hotspot\share\classfile\systemDictionary.cpp, line 256]
Event: 192.671 Thread 0x00000278fe2a64c0 Exception <a 'java/lang/ClassNotFoundException'{0x00000000eab17218}: sun/net/www/protocol/jdt/Handler> (0x00000000eab17218) 
thrown [s\src\hotspot\share\classfile\systemDictionary.cpp, line 256]
Event: 197.261 Thread 0x00000278faf494c0 Exception <a 'sun/nio/fs/WindowsException'{0x00000000eab5cd88}> (0x00000000eab5cd88) 
thrown [s\src\hotspot\share\prims\jni.cpp, line 516]
Event: 197.401 Thread 0x00000278faf494c0 Exception <a 'sun/nio/fs/WindowsException'{0x00000000eab898a0}> (0x00000000eab898a0) 
thrown [s\src\hotspot\share\prims\jni.cpp, line 516]
Event: 199.730 Thread 0x00000278fe2a7800 Implicit null exception at 0x00000278885a38de to 0x00000278885a5a1c
Event: 200.388 Thread 0x00000278fe2a2160 Exception <a 'java/lang/InterruptedException'{0x00000000eab04ea8}> (0x00000000eab04ea8) 
thrown [s\src\hotspot\share\runtime\objectMonitor.cpp, line 1658]
Event: 226.630 Thread 0x00000278faf4b1a0 Implicit null exception at 0x00000278881af00b to 0x00000278881af2ea
Event: 227.158 Thread 0x00000278faf4b1a0 Implicit null exception at 0x0000027887f34c7c to 0x0000027887f351b4
Event: 227.256 Thread 0x00000278faf4b1a0 Implicit null exception at 0x00000278883ce764 to 0x00000278883d0738
Event: 227.600 Thread 0x00000278faf49e60 Exception <a 'java/lang/ArrayIndexOutOfBoundsException'{0x00000000eac3e178}> (0x00000000eac3e178) 
thrown [s\src\hotspot\share\runtime\sharedRuntime.cpp, line 628]
Event: 227.680 Thread 0x00000278faf4b1a0 Implicit null exception at 0x00000278884ea17e to 0x00000278884eb29c
Event: 227.839 Thread 0x00000278fe2a2b00 Implicit null exception at 0x000002788855effb to 0x000002788855fe84
Event: 228.407 Thread 0x00000278fe2a2fd0 Exception <a 'java/lang/ArrayIndexOutOfBoundsException'{0x00000000eb45a098}> (0x00000000eb45a098) 
thrown [s\src\hotspot\share\runtime\sharedRuntime.cpp, line 628]
Event: 229.759 Thread 0x00000278faf494c0 Exception <a 'sun/nio/fs/WindowsException'{0x00000000eacd4288}> (0x00000000eacd4288) 
thrown [s\src\hotspot\share\prims\jni.cpp, line 516]
Event: 230.019 Thread 0x00000278faf494c0 Exception <a 'sun/nio/fs/WindowsException'{0x00000000eaec0b78}> (0x00000000eaec0b78) 
thrown [s\src\hotspot\share\prims\jni.cpp, line 516]
Event: 232.122 Thread 0x00000278fe2a7cd0 Exception <a 'java/lang/InterruptedException'{0x00000000eb5eada0}> (0x00000000eb5eada0) 
thrown [s\src\hotspot\share\runtime\objectMonitor.cpp, line 1658]

VM Operations (20 events):
Event: 238.263 Executing VM operation: ParallelGCFailedAllocation
Event: 238.268 Executing VM operation: ParallelGCFailedAllocation done
Event: 238.304 Executing VM operation: ParallelGCFailedAllocation
Event: 238.410 Executing VM operation: ParallelGCFailedAllocation done
Event: 238.428 Executing VM operation: ParallelGCFailedAllocation
Event: 238.430 Executing VM operation: ParallelGCFailedAllocation done
Event: 238.447 Executing VM operation: ParallelGCFailedAllocation
Event: 238.449 Executing VM operation: ParallelGCFailedAllocation done
Event: 238.465 Executing VM operation: ParallelGCFailedAllocation
Event: 238.469 Executing VM operation: ParallelGCFailedAllocation done
Event: 238.489 Executing VM operation: ParallelGCFailedAllocation
Event: 238.492 Executing VM operation: ParallelGCFailedAllocation done
Event: 238.512 Executing VM operation: ParallelGCFailedAllocation
Event: 238.516 Executing VM operation: ParallelGCFailedAllocation done
Event: 238.535 Executing VM operation: ParallelGCFailedAllocation
Event: 238.539 Executing VM operation: ParallelGCFailedAllocation done
Event: 238.559 Executing VM operation: ParallelGCFailedAllocation
Event: 238.563 Executing VM operation: ParallelGCFailedAllocation done
Event: 238.591 Executing VM operation: ParallelGCFailedAllocation
Event: 238.595 Executing VM operation: ParallelGCFailedAllocation done

Events (20 events):
Event: 231.545 Thread 0x00000278fe2a7cd0 Thread added: 0x00000278fe2a7cd0
Event: 231.552 Thread 0x00000278fe2a1c90 Thread added: 0x00000278fe2a1c90
Event: 231.553 Thread 0x00000278fe2a7cd0 Thread exited: 0x00000278fe2a7cd0
Event: 231.821 Thread 0x00000278fe2a7800 Thread added: 0x00000278fe2a7800
Event: 231.821 Thread 0x00000278fe2a7800 Thread exited: 0x00000278fe2a7800
Event: 231.822 Thread 0x00000278fe2a7800 Thread added: 0x00000278fe2a7800
Event: 231.822 Thread 0x00000278fe2a7cd0 Thread added: 0x00000278fe2a7cd0
Event: 231.838 Thread 0x00000278fe2a8b40 Thread added: 0x00000278fe2a8b40
Event: 231.839 Thread 0x00000278fe2a1c90 Thread exited: 0x00000278fe2a1c90
Event: 231.842 Thread 0x00000278fe2a8b40 Thread exited: 0x00000278fe2a8b40
Event: 232.004 Thread 0x00000278fb6633d0 Thread exited: 0x00000278fb6633d0
Event: 232.006 Thread 0x00000278fe2a4cb0 Thread added: 0x00000278fe2a4cb0
Event: 232.122 Thread 0x00000278fe2a7800 Thread exited: 0x00000278fe2a7800
Event: 232.122 Thread 0x00000278fe2a7cd0 Thread exited: 0x00000278fe2a7cd0
Event: 232.123 Thread 0x00000278fe2a4cb0 Thread exited: 0x00000278fe2a4cb0
Event: 232.252 Thread 0x00000278fe2a47e0 Thread exited: 0x00000278fe2a47e0
Event: 234.971 Thread 0x00000278fb65f200 Thread added: 0x00000278fb65f200
Event: 237.125 Thread 0x00000278fb65f200 Thread exited: 0x00000278fb65f200
Event: 237.128 Thread 0x00000278fb660130 Thread added: 0x00000278fb660130
Event: 237.138 Thread 0x00000278fb661060 Thread added: 0x00000278fb661060


Dynamic libraries:
0x00007ff757440000 - 0x00007ff75744e000 	c:\Users\mateus\.vscode\extensions\redhat.java-1.19.0-win32-x64\jre\17.0.7-win32-x86_64\bin\java.exe
0x00007fffdee10000 - 0x00007fffdf008000 	C:\Windows\SYSTEM32\ntdll.dll
0x00007fffde4e0000 - 0x00007fffde59f000 	C:\Windows\System32\KERNEL32.DLL
0x00007fffdc7c0000 - 0x00007fffdcab6000 	C:\Windows\System32\KERNELBASE.dll
0x00007fffdcac0000 - 0x00007fffdcbc0000 	C:\Windows\System32\ucrtbase.dll
0x00007fffd7aa0000 - 0x00007fffd7ab9000 	c:\Users\mateus\.vscode\extensions\redhat.java-1.19.0-win32-x64\jre\17.0.7-win32-x86_64\bin\VCRUNTIME140.dll
0x00007fffd7b50000 - 0x00007fffd7b67000 	c:\Users\mateus\.vscode\extensions\redhat.java-1.19.0-win32-x64\jre\17.0.7-win32-x86_64\bin\jli.dll
0x00007fffdce70000 - 0x00007fffdd00d000 	C:\Windows\System32\USER32.dll
0x00007fffdc4f0000 - 0x00007fffdc512000 	C:\Windows\System32\win32u.dll
0x00007fffcaad0000 - 0x00007fffcad6a000 	C:\Windows\WinSxS\amd64_microsoft.windows.common-controls_6595b64144ccf1df_6.0.19041.1110_none_60b5254171f9507e\COMCTL32.dll
0x00007fffdd640000 - 0x00007fffdd66c000 	C:\Windows\System32\GDI32.dll
0x00007fffdcd20000 - 0x00007fffdce35000 	C:\Windows\System32\gdi32full.dll
0x00007fffde3c0000 - 0x00007fffde45e000 	C:\Windows\System32\msvcrt.dll
0x00007fffdc5b0000 - 0x00007fffdc64d000 	C:\Windows\System32\msvcp_win.dll
0x00007fffdd710000 - 0x00007fffdd740000 	C:\Windows\System32\IMM32.DLL
0x00007fffd7bb0000 - 0x00007fffd7bbc000 	c:\Users\mateus\.vscode\extensions\redhat.java-1.19.0-win32-x64\jre\17.0.7-win32-x86_64\bin\vcruntime140_1.dll
0x00007fffa9520000 - 0x00007fffa95b1000 	c:\Users\mateus\.vscode\extensions\redhat.java-1.19.0-win32-x64\jre\17.0.7-win32-x86_64\bin\msvcp140.dll
0x00007fffa5a60000 - 0x00007fffa66a8000 	c:\Users\mateus\.vscode\extensions\redhat.java-1.19.0-win32-x64\jre\17.0.7-win32-x86_64\bin\server\jvm.dll
0x00007fffdd750000 - 0x00007fffdd7ff000 	C:\Windows\System32\ADVAPI32.dll
0x00007fffdd670000 - 0x00007fffdd70c000 	C:\Windows\System32\sechost.dll
0x00007fffdeba0000 - 0x00007fffdecc6000 	C:\Windows\System32\RPCRT4.dll
0x00007fffc1500000 - 0x00007fffc1509000 	C:\Windows\SYSTEM32\WSOCK32.dll
0x00007fffdecd0000 - 0x00007fffded3b000 	C:\Windows\System32\WS2_32.dll
0x00007fffc62e0000 - 0x00007fffc6307000 	C:\Windows\SYSTEM32\WINMM.dll
0x00007fffd4010000 - 0x00007fffd401a000 	C:\Windows\SYSTEM32\VERSION.dll
0x00007fffdad30000 - 0x00007fffdad42000 	C:\Windows\SYSTEM32\kernel.appcore.dll
0x00007fffd6700000 - 0x00007fffd670a000 	c:\Users\mateus\.vscode\extensions\redhat.java-1.19.0-win32-x64\jre\17.0.7-win32-x86_64\bin\jimage.dll
0x00007fffda140000 - 0x00007fffda324000 	C:\Windows\SYSTEM32\DBGHELP.DLL
0x00007fffc0c50000 - 0x00007fffc0c84000 	C:\Windows\SYSTEM32\dbgcore.DLL
0x00007fffdc520000 - 0x00007fffdc5a2000 	C:\Windows\System32\bcryptPrimitives.dll
0x00007fffd6620000 - 0x00007fffd662e000 	c:\Users\mateus\.vscode\extensions\redhat.java-1.19.0-win32-x64\jre\17.0.7-win32-x86_64\bin\instrument.dll
0x00007fffbac30000 - 0x00007fffbac55000 	c:\Users\mateus\.vscode\extensions\redhat.java-1.19.0-win32-x64\jre\17.0.7-win32-x86_64\bin\java.dll
0x00007fffd6020000 - 0x00007fffd6038000 	c:\Users\mateus\.vscode\extensions\redhat.java-1.19.0-win32-x64\jre\17.0.7-win32-x86_64\bin\zip.dll
0x00007fffddc70000 - 0x00007fffde3b4000 	C:\Windows\System32\SHELL32.dll
0x00007fffda580000 - 0x00007fffdad13000 	C:\Windows\SYSTEM32\windows.storage.dll
0x00007fffde840000 - 0x00007fffdeb94000 	C:\Windows\System32\combase.dll
0x00007fffdbf40000 - 0x00007fffdbf6e000 	C:\Windows\SYSTEM32\Wldp.dll
0x00007fffdd340000 - 0x00007fffdd3ed000 	C:\Windows\System32\SHCORE.dll
0x00007fffdd460000 - 0x00007fffdd4b5000 	C:\Windows\System32\shlwapi.dll
0x00007fffdc430000 - 0x00007fffdc44f000 	C:\Windows\SYSTEM32\profapi.dll
0x00007fffd8de0000 - 0x00007fffd8df9000 	C:\Users\mateus\.vscode\extensions\redhat.java-1.19.0-win32-x64\jre\17.0.7-win32-x86_64\bin\net.dll
0x00007fffd75b0000 - 0x00007fffd76ba000 	C:\Windows\SYSTEM32\WINHTTP.dll
0x00007fffdbca0000 - 0x00007fffdbd0a000 	C:\Windows\system32\mswsock.dll
0x00007fffd8dc0000 - 0x00007fffd8dd5000 	C:\Users\mateus\.vscode\extensions\redhat.java-1.19.0-win32-x64\jre\17.0.7-win32-x86_64\bin\nio.dll
0x00007fffd8d20000 - 0x00007fffd8d30000 	c:\Users\mateus\.vscode\extensions\redhat.java-1.19.0-win32-x64\jre\17.0.7-win32-x86_64\bin\verify.dll
0x00007fffcae30000 - 0x00007fffcae6e000 	C:\Users\mateus\AppData\Roaming\Code\User\globalStorage\redhat.java\1.19.0\config_win\org.eclipse.equinox.launcher\org.eclipse.equinox.launcher.win32.win32.x86_64_1.2.700.v20221108-1024\eclipse_11801.dll
0x00007fffde5a0000 - 0x00007fffde6ca000 	C:\Windows\System32\ole32.dll
0x00007fffdbe90000 - 0x00007fffdbea8000 	C:\Windows\SYSTEM32\CRYPTSP.dll
0x00007fffdb550000 - 0x00007fffdb584000 	C:\Windows\system32\rsaenh.dll
0x00007fffdce40000 - 0x00007fffdce67000 	C:\Windows\System32\bcrypt.dll
0x00007fffdc3b0000 - 0x00007fffdc3de000 	C:\Windows\SYSTEM32\USERENV.dll
0x00007fffdbeb0000 - 0x00007fffdbebc000 	C:\Windows\SYSTEM32\CRYPTBASE.dll
0x00007fffdb940000 - 0x00007fffdb97c000 	C:\Windows\SYSTEM32\IPHLPAPI.DLL
0x00007fffde830000 - 0x00007fffde838000 	C:\Windows\System32\NSI.dll
0x00007fffd3f40000 - 0x00007fffd3f57000 	C:\Windows\SYSTEM32\dhcpcsvc6.DLL
0x00007fffd42e0000 - 0x00007fffd42fd000 	C:\Windows\SYSTEM32\dhcpcsvc.DLL
0x00007fffdb990000 - 0x00007fffdba5a000 	C:\Windows\SYSTEM32\DNSAPI.dll
0x00007fffce1f0000 - 0x00007fffce235000 	C:\Users\mateus\AppData\Local\Temp\jna--1081251741\jna4561054242597783995.dll
0x00007fffdd740000 - 0x00007fffdd748000 	C:\Windows\System32\PSAPI.DLL

dbghelp: loaded successfully - version: 4.0.5 - missing functions: none
symbol engine: initialized successfully - sym options: 0x614 - pdb path: .;c:\Users\mateus\.vscode\extensions\redhat.java-1.19.0-win32-x64\jre\17.0.7-win32-x86_64\bin;C:\Windows\SYSTEM32;C:\Windows\WinSxS\amd64_microsoft.windows.common-controls_6595b64144ccf1df_6.0.19041.1110_none_60b5254171f9507e;c:\Users\mateus\.vscode\extensions\redhat.java-1.19.0-win32-x64\jre\17.0.7-win32-x86_64\bin\server;C:\Users\mateus\AppData\Roaming\Code\User\globalStorage\redhat.java\1.19.0\config_win\org.eclipse.equinox.launcher\org.eclipse.equinox.launcher.win32.win32.x86_64_1.2.700.v20221108-1024;C:\Users\mateus\AppData\Local\Temp\jna--1081251741

VM Arguments:
jvm_args: --add-modules=ALL-SYSTEM --add-opens=java.base/java.util=ALL-UNNAMED --add-opens=java.base/java.lang=ALL-UNNAMED --add-opens=java.base/sun.nio.fs=ALL-UNNAMED -Declipse.application=org.eclipse.jdt.ls.core.id1 -Dosgi.bundles.defaultStartLevel=4 -Declipse.product=org.eclipse.jdt.ls.core.product -Djava.import.generatesMetadataFilesAtProjectRoot=false -Dfile.encoding=utf8 -XX:+UseParallelGC -XX:GCTimeRatio=4 -XX:AdaptiveSizePolicyWeight=90 -Dsun.zip.disableMemoryMapping=true -Xmx1G -Xms100m -Xlog:disable -javaagent:c:\Users\mateus\.vscode\extensions\redhat.java-1.19.0-win32-x64\lombok\lombok-1.18.28.jar -XX:+HeapDumpOnOutOfMemoryError -XX:HeapDumpPath=c:\Users\mateus\AppData\Roaming\Code\User\workspaceStorage\2a4adfb2b92c2c74a24377d63c042685\redhat.java -Daether.dependencyCollector.impl=bf 
java_command: c:\Users\mateus\.vscode\extensions\redhat.java-1.19.0-win32-x64\server\plugins\org.eclipse.equinox.launcher_1.6.400.v20210924-0641.jar -configuration c:\Users\mateus\AppData\Roaming\Code\User\globalStorage\redhat.java\1.19.0\config_win -data c:\Users\mateus\AppData\Roaming\Code\User\workspaceStorage\2a4adfb2b92c2c74a24377d63c042685\redhat.java\jdt_ws
java_class_path (initial): c:\Users\mateus\.vscode\extensions\redhat.java-1.19.0-win32-x64\server\plugins\org.eclipse.equinox.launcher_1.6.400.v20210924-0641.jar
Launcher Type: SUN_STANDARD

[Global flags]
    uintx AdaptiveSizePolicyWeight                 = 90                                        {product} {command line}
     intx CICompilerCount                          = 4                                         {product} {ergonomic}
    uintx GCTimeRatio                              = 4                                         {product} {command line}
     bool HeapDumpOnOutOfMemoryError               = true                                   {manageable} {command line}
    ccstr HeapDumpPath                             = c:\Users\mateus\AppData\Roaming\Code\User\workspaceStorage\2a4adfb2b92c2c74a24377d63c042685\redhat.java         {manageable} {command line}
   size_t InitialHeapSize                          = 104857600                                 {product} {command line}
   size_t MaxHeapSize                              = 1073741824                                {product} {command line}
   size_t MaxNewSize                               = 357564416                                 {product} {ergonomic}
   size_t MinHeapDeltaBytes                        = 524288                                    {product} {ergonomic}
   size_t MinHeapSize                              = 104857600                                 {product} {command line}
   size_t NewSize                                  = 34603008                                  {product} {ergonomic}
    uintx NonNMethodCodeHeapSize                   = 5839372                                {pd product} {ergonomic}
    uintx NonProfiledCodeHeapSize                  = 122909434                              {pd product} {ergonomic}
   size_t OldSize                                  = 70254592                                  {product} {ergonomic}
    uintx ProfiledCodeHeapSize                     = 122909434                              {pd product} {ergonomic}
    uintx ReservedCodeCacheSize                    = 251658240                              {pd product} {ergonomic}
     bool SegmentedCodeCache                       = true                                      {product} {ergonomic}
   size_t SoftMaxHeapSize                          = 1073741824                             {manageable} {ergonomic}
     bool UseCompressedClassPointers               = true                           {product lp64_product} {ergonomic}
     bool UseCompressedOops                        = true                           {product lp64_product} {ergonomic}
     bool UseLargePagesIndividualAllocation        = false                                  {pd product} {ergonomic}
     bool UseParallelGC                            = true                                      {product} {command line}

Logging:
Log output configuration:
 #0: stdout all=off uptime,level,tags
 #1: stderr all=off uptime,level,tags

Environment Variables:
JAVA_HOME=C:\Program Files\Java\jdk-17
PATH=C:\Program Files\Common Files\Oracle\Java\javapath;C:\Windows\system32;C:\Windows;C:\Windows\System32\Wbem;C:\Windows\System32\WindowsPowerShell\v1.0\;C:\Windows\System32\OpenSSH\;%JAVA_HOME%\bin;C:\Program Files\Git\cmd;C:\Users\mateus\AppData\Local\Microsoft\WindowsApps;;C:\Users\mateus\AppData\Local\Programs\Microsoft VS Code\bin
USERNAME=mateus
OS=Windows_NT
PROCESSOR_IDENTIFIER=Intel64 Family 6 Model 140 Stepping 1, GenuineIntel
TMP=C:\Users\mateus\AppData\Local\Temp
TEMP=C:\Users\mateus\AppData\Local\Temp



---------------  S Y S T E M  ---------------

OS:
 Windows 10 , 64 bit Build 19041 (10.0.19041.3031)
OS uptime: 0 days 4:34 hours

CPU: total 8 (initial active 8) (4 cores per cpu, 2 threads per core) family 6 model 140 stepping 1 microcode 0x8a, cx8, cmov, fxsr, ht, mmx, 3dnowpref, sse, sse2, sse3, ssse3, sse4.1, sse4.2, popcnt, lzcnt, tsc, tscinvbit, avx, avx2, aes, erms, clmul, bmi1, bmi2, adx, avx512f, avx512dq, avx512cd, avx512bw, avx512vl, sha, fma, vzeroupper, avx512_vpopcntdq, avx512_vpclmulqdq, avx512_vaes, avx512_vnni, clflush, clflushopt, clwb, avx512_vbmi2, avx512_vbmi

Memory: 4k page, system-wide physical 16107M (8556M free)
TotalPageFile size 19051M (AvailPageFile size 11098M)
current process WorkingSet (physical memory assigned to process): 515M, peak: 515M
current process commit charge ("private bytes"): 506M, peak: 514M

vm_info: OpenJDK 64-Bit Server VM (17.0.7+7) for windows-amd64 JRE (17.0.7+7), built on Apr 18 2023 22:10:42 by "temurin" with MS VC++ 16.7 (VS2019)

END.
